Log file open, 06/10/24 13:39:31
LogWindows: Failed to load 'aqProf.dll' (GetLastError=126)
LogWindows: File 'aqProf.dll' does not exist
LogWindows: Failed to load 'VtuneApi.dll' (GetLastError=126)
LogWindows: File 'VtuneApi.dll' does not exist
LogWindows: Failed to load 'VtuneApi32e.dll' (GetLastError=126)
LogWindows: File 'VtuneApi32e.dll' does not exist
LogConsoleResponse: Display: Failed to find resolution value strings in scalability ini. Falling back to default.
LogConsoleResponse: Display: Failed to find resolution value strings in scalability ini. Falling back to default.
LogInit: Display: Running engine for game: NatureReserve
LogPlatformFile: Not using cached read wrapper
LogTaskGraph: Started task graph with 5 named threads and 47 total threads with 3 sets of task threads.
LogStats: Stats thread started at 0.183784
LogICUInternationalization: ICU TimeZone Detection - Raw Offset: +0:00, Platform Override: ''
LogInit: Display: Loading text-based GConfig....
LogPluginManager: Mounting plugin MeshPainting
LogPluginManager: Mounting plugin XGEController
LogPluginManager: Mounting plugin Paper2D
LogPluginManager: Mounting plugin LiveLink
LogPluginManager: Mounting plugin AISupport
LogPluginManager: Mounting plugin EnvironmentQueryEditor
LogPluginManager: Mounting plugin LightPropagationVolume
LogPluginManager: Mounting plugin CameraShakePreviewer
LogPluginManager: Mounting plugin OodleData
LogPluginManager: Mounting plugin GameplayCameras
LogPluginManager: Mounting plugin OodleNetwork
LogPluginManager: Mounting plugin AssetManagerEditor
LogPluginManager: Mounting plugin CryptoKeys
LogPluginManager: Mounting plugin FacialAnimation
LogPluginManager: Mounting plugin CurveEditorTools
LogPluginManager: Mounting plugin DataValidation
LogPluginManager: Mounting plugin MacGraphicsSwitching
LogPluginManager: Mounting plugin MaterialAnalyzer
LogPluginManager: Mounting plugin GameplayTagsEditor
LogPluginManager: Mounting plugin MobileLauncherProfileWizard
LogPluginManager: Mounting plugin GeometryMode
LogPluginManager: Mounting plugin PluginBrowser
LogPluginManager: Mounting plugin SpeedTreeImporter
LogPluginManager: Mounting plugin AnimationSharing
LogPluginManager: Mounting plugin DatasmithContent
LogPluginManager: Mounting plugin Niagara
LogPluginManager: Mounting plugin VariantManagerContent
LogPluginManager: Mounting plugin CodeLiteSourceCodeAccess
LogPluginManager: Mounting plugin CLionSourceCodeAccess
LogPluginManager: Mounting plugin GitSourceControl
LogPluginManager: Mounting plugin KDevelopSourceCodeAccess
LogPluginManager: Mounting plugin PerforceSourceControl
LogPluginManager: Mounting plugin NullSourceCodeAccess
LogPluginManager: Mounting plugin PlasticSourceControl
LogPluginManager: Mounting plugin PixWinPlugin
LogPluginManager: Mounting plugin PluginUtils
LogPluginManager: Mounting plugin RiderSourceCodeAccess
LogPluginManager: Mounting plugin SubversionSourceControl
LogPluginManager: Mounting plugin PropertyAccessNode
LogPluginManager: Mounting plugin TextureFormatOodle
LogPluginManager: Mounting plugin UObjectPlugin
LogPluginManager: Mounting plugin VisualStudioCodeSourceCodeAccess
LogPluginManager: Mounting plugin VisualStudioSourceCodeAccess
LogPluginManager: Mounting plugin XCodeSourceCodeAccess
LogPluginManager: Mounting plugin AlembicImporter
LogPluginManager: Mounting plugin AutomationUtils
LogPluginManager: Mounting plugin BackChannel
LogPluginManager: Mounting plugin ChaosCloth
LogPluginManager: Mounting plugin ChaosClothEditor
LogPluginManager: Mounting plugin ChaosEditor
LogPluginManager: Mounting plugin ChaosNiagara
LogPluginManager: Mounting plugin ChaosSolverPlugin
LogPluginManager: Mounting plugin CharacterAI
LogPluginManager: Mounting plugin GeometryCache
LogPluginManager: Mounting plugin GeometryCollectionPlugin
LogPluginManager: Mounting plugin GeometryProcessing
LogPluginManager: Mounting plugin MotoSynth
LogPluginManager: Mounting plugin OpenImageDenoise
LogPluginManager: Mounting plugin PlatformCrypto
LogPluginManager: Mounting plugin PlanarCut
LogPluginManager: Mounting plugin ProxyLODPlugin
LogPluginManager: Mounting plugin PythonScriptPlugin
LogPluginManager: Mounting plugin SkeletalReduction
LogPluginManager: Mounting plugin AndroidMedia
LogPluginManager: Mounting plugin AvfMedia
LogPluginManager: Mounting plugin ImgMedia
LogPluginManager: Mounting plugin MediaCompositing
LogPluginManager: Mounting plugin MediaPlayerEditor
LogPluginManager: Mounting plugin WmfMedia
LogPluginManager: Mounting plugin WebMMedia
LogPluginManager: Mounting plugin TcpMessaging
LogPluginManager: Mounting plugin UdpMessaging
LogPluginManager: Mounting plugin LuminPlatformFeatures
LogPluginManager: Mounting plugin MagicLeap
LogPluginManager: Mounting plugin MagicLeapLightEstimation
LogPluginManager: Mounting plugin MagicLeapMedia
LogPluginManager: Mounting plugin MagicLeapPassableWorld
LogPluginManager: Mounting plugin MLSDK
LogPluginManager: Mounting plugin ActorSequence
LogPluginManager: Mounting plugin MatineeToLevelSequence
LogPluginManager: Mounting plugin LevelSequenceEditor
LogPluginManager: Mounting plugin TemplateSequence
LogPluginManager: Mounting plugin LauncherChunkInstaller
LogPluginManager: Mounting plugin OnlineSubsystem
LogPluginManager: Mounting plugin OnlineSubsystemNull
LogPluginManager: Mounting plugin OnlineSubsystemUtils
LogPluginManager: Mounting plugin ActorLayerUtilities
LogPluginManager: Mounting plugin AndroidDeviceProfileSelector
LogPluginManager: Mounting plugin AndroidMoviePlayer
LogPluginManager: Mounting plugin AndroidPermission
LogPluginManager: Mounting plugin AppleImageUtils
LogPluginManager: Mounting plugin AppleMoviePlayer
LogPluginManager: Mounting plugin AssetTags
LogPluginManager: Mounting plugin ArchVisCharacter
LogPluginManager: Mounting plugin AudioCapture
LogPluginManager: Mounting plugin AudioSynesthesia
LogPluginManager: Mounting plugin CableComponent
LogPluginManager: Mounting plugin ChunkDownloader
LogPluginManager: Mounting plugin CustomMeshComponent
LogPluginManager: Mounting plugin ExampleDeviceProfileSelector
LogPluginManager: Mounting plugin EditableMesh
LogPluginManager: Mounting plugin GoogleCloudMessaging
LogPluginManager: Mounting plugin GooglePAD
LogPluginManager: Mounting plugin ScreenshotTools
LogPluginManager: Mounting plugin IOSDeviceProfileSelector
LogPluginManager: Mounting plugin LinuxDeviceProfileSelector
LogPluginManager: Mounting plugin LocationServicesBPLibrary
LogPluginManager: Mounting plugin MobilePatchingUtils
LogPluginManager: Mounting plugin OpenXREyeTracker
LogPluginManager: Mounting plugin OpenXR
LogPluginManager: Mounting plugin OpenXRHandTracking
LogPluginManager: Mounting plugin PhysXVehicles
LogPluginManager: Mounting plugin Takes
LogPluginManager: Mounting plugin PostSplashScreen
LogPluginManager: Mounting plugin PropertyAccessEditor
LogPluginManager: Mounting plugin SignificanceManager
LogPluginManager: Mounting plugin RuntimePhysXCooking
LogPluginManager: Mounting plugin SoundFields
LogPluginManager: Mounting plugin ProceduralMeshComponent
LogPluginManager: Mounting plugin Synthesis
LogPluginManager: Mounting plugin WindowsMoviePlayer
LogPluginManager: Mounting plugin WebMMoviePlayer
LogPluginManager: Mounting plugin ContentBrowserAssetDataSource
LogPluginManager: Mounting plugin ContentBrowserClassDataSource
LogPluginManager: Mounting plugin ContentBrowserFileDataSource
LogPluginManager: Mounting plugin OnlineSubsystemGooglePlay
LogPluginManager: Mounting plugin OnlineSubsystemIOS
LogPluginManager: Mounting plugin OculusVR
LogPluginManager: Mounting plugin SteamVR
PixWinPlugin: PIX capture plugin failed to initialize! Check that the process is launched from PIX.
LogInit: Using libcurl 7.55.1-DEV
LogInit:  - built for x86_64-pc-win32
LogInit:  - supports SSL with OpenSSL/1.1.1
LogInit:  - supports HTTP deflate (compression) using libz 1.2.8
LogInit:  - other features:
LogInit:      CURL_VERSION_SSL
LogInit:      CURL_VERSION_LIBZ
LogInit:      CURL_VERSION_IPV6
LogInit:      CURL_VERSION_ASYNCHDNS
LogInit:      CURL_VERSION_LARGEFILE
LogInit:      CURL_VERSION_IDN
LogInit:  CurlRequestOptions (configurable via config and command line):
LogInit:  - bVerifyPeer = true  - Libcurl will verify peer certificate
LogInit:  - bUseHttpProxy = false  - Libcurl will NOT use HTTP proxy
LogInit:  - bDontReuseConnections = false  - Libcurl will reuse connections
LogInit:  - MaxHostConnections = 16  - Libcurl will limit the number of connections to a host
LogInit:  - LocalHostAddr = Default
LogInit:  - BufferSize = 65536
LogOnline: OSS: Creating online subsystem instance for: NULL
LogInit: WinSock: version 1.1 (2.2), MaxSocks=32767, MaxUdp=65467
LogOnline: OSS: TryLoadSubsystemAndSetDefault: Loaded subsystem for module [NULL]
LogOculusPluginWrapper: OculusPlugin initialized successfully
LogHMD: Failed initializing OVRPlugin 1.59.0
LogInit: Build: ++UE4+Release-4.27-CL-18319896
LogInit: Engine Version: 4.27.2-18319896+++UE4+Release-4.27
LogInit: Compatible Engine Version: 4.27.0-17155196+++UE4+Release-4.27
LogInit: Net CL: 17155196
LogInit: OS: Windows 10 (Release 2009) (), CPU: Intel(R) Core(TM) i9-9900KF CPU @ 3.60GHz, GPU: NVIDIA GeForce RTX 3060
LogInit: Compiled (64-bit): Nov 30 2021 07:12:08
LogInit: Compiled with Visual C++: 19.24.28315.00
LogInit: Build Configuration: Development
LogInit: Branch Name: ++UE4+Release-4.27
LogInit: Command Line: 
LogInit: Base Directory: C:/Program Files/Epic Games/UE_4.27/Engine/Binaries/Win64/
LogInit: Allocator: TBB
LogInit: Installed Engine Build: 1
LogDevObjectVersion: Number of dev versions registered: 29
LogDevObjectVersion:   Dev-Blueprints (B0D832E4-1F89-4F0D-ACCF-7EB736FD4AA2): 10
LogDevObjectVersion:   Dev-Build (E1C64328-A22C-4D53-A36C-8E866417BD8C): 0
LogDevObjectVersion:   Dev-Core (375EC13C-06E4-48FB-B500-84F0262A717E): 4
LogDevObjectVersion:   Dev-Editor (E4B068ED-F494-42E9-A231-DA0B2E46BB41): 40
LogDevObjectVersion:   Dev-Framework (CFFC743F-43B0-4480-9391-14DF171D2073): 37
LogDevObjectVersion:   Dev-Mobile (B02B49B5-BB20-44E9-A304-32B752E40360): 3
LogDevObjectVersion:   Dev-Networking (A4E4105C-59A1-49B5-A7C5-40C4547EDFEE): 0
LogDevObjectVersion:   Dev-Online (39C831C9-5AE6-47DC-9A44-9C173E1C8E7C): 0
LogDevObjectVersion:   Dev-Physics (78F01B33-EBEA-4F98-B9B4-84EACCB95AA2): 14
LogDevObjectVersion:   Dev-Platform (6631380F-2D4D-43E0-8009-CF276956A95A): 0
LogDevObjectVersion:   Dev-Rendering (12F88B9F-8875-4AFC-A67C-D90C383ABD29): 45
LogDevObjectVersion:   Dev-Sequencer (7B5AE74C-D270-4C10-A958-57980B212A5A): 13
LogDevObjectVersion:   Dev-VR (D7296918-1DD6-4BDD-9DE2-64A83CC13884): 3
LogDevObjectVersion:   Dev-LoadTimes (C2A15278-BFE7-4AFE-6C17-90FF531DF755): 1
LogDevObjectVersion:   Private-Geometry (6EACA3D4-40EC-4CC1-B786-8BED09428FC5): 3
LogDevObjectVersion:   Dev-AnimPhys (29E575DD-E0A3-4627-9D10-D276232CDCEA): 17
LogDevObjectVersion:   Dev-Anim (AF43A65D-7FD3-4947-9873-3E8ED9C1BB05): 15
LogDevObjectVersion:   Dev-ReflectionCapture (6B266CEC-1EC7-4B8F-A30B-E4D90942FC07): 1
LogDevObjectVersion:   Dev-Automation (0DF73D61-A23F-47EA-B727-89E90C41499A): 1
LogDevObjectVersion:   FortniteMain (601D1886-AC64-4F84-AA16-D3DE0DEAC7D6): 47
LogDevObjectVersion:   FortniteRelease (E7086368-6B23-4C58-8439-1B7016265E91): 1
LogDevObjectVersion:   Dev-Enterprise (9DFFBCD6-494F-0158-E221-12823C92A888): 10
LogDevObjectVersion:   Dev-Niagara (F2AED0AC-9AFE-416F-8664-AA7FFA26D6FC): 1
LogDevObjectVersion:   Dev-Destruction (174F1F0B-B4C6-45A5-B13F-2EE8D0FB917D): 10
LogDevObjectVersion:   Dev-Physics-Ext (35F94A83-E258-406C-A318-09F59610247C): 41
LogDevObjectVersion:   Dev-PhysicsMaterial-Chaos (B68FC16E-8B1B-42E2-B453-215C058844FE): 1
LogDevObjectVersion:   Dev-CineCamera (B2E18506-4273-CFC2-A54E-F4BB758BBA07): 1
LogDevObjectVersion:   Dev-VirtualProduction (64F58936-FD1B-42BA-BA96-7289D5D0FA4E): 1
LogDevObjectVersion:   Dev-MediaFramework (6F0ED827-A609-4895-9C91-998D90180EA4): 2
LogInit: Presizing for max 25165824 objects, including 0 objects not considered by GC, pre-allocating 0 bytes for permanent pool.
LogConfig: Applying CVar settings from Section [/Script/Engine.StreamingSettings] File [D:/Games/NatureReserve/NatureReserve/Saved/Config/Windows/Engine.ini]
LogConfig: Setting CVar [[s.MinBulkDataSizeForAsyncLoading:131072]]
LogConfig: Setting CVar [[s.AsyncLoadingThreadEnabled:0]]
LogConfig: Setting CVar [[s.EventDrivenLoaderEnabled:1]]
LogConfig: Setting CVar [[s.WarnIfTimeLimitExceeded:0]]
LogConfig: Setting CVar [[s.TimeLimitExceededMultiplier:1.5]]
LogConfig: Setting CVar [[s.TimeLimitExceededMinTime:0.005]]
LogConfig: Setting CVar [[s.UseBackgroundLevelStreaming:1]]
LogConfig: Setting CVar [[s.PriorityAsyncLoadingExtraTime:15.0]]
LogConfig: Setting CVar [[s.LevelStreamingActorsUpdateTimeLimit:5.0]]
LogConfig: Setting CVar [[s.PriorityLevelStreamingActorsUpdateExtraTime:5.0]]
LogConfig: Setting CVar [[s.LevelStreamingComponentsRegistrationGranularity:10]]
LogConfig: Setting CVar [[s.UnregisterComponentsTimeLimit:1.0]]
LogConfig: Setting CVar [[s.LevelStreamingComponentsUnregistrationGranularity:5]]
LogConfig: Setting CVar [[s.FlushStreamingOnExit:1]]
LogInit: Object subsystem initialized
LogConfig: Setting CVar [[con.DebugEarlyDefault:1]]
LogConfig: Setting CVar [[r.setres:1280x720]]
[2024.06.10-12.39.31:898][  0]LogConfig: Setting CVar [[r.VSync:0]]
[2024.06.10-12.39.31:898][  0]LogConfig: Setting CVar [[r.RHICmdBypass:0]]
[2024.06.10-12.39.31:898][  0]LogConfig: Applying CVar settings from Section [/Script/Engine.RendererSettings] File [D:/Games/NatureReserve/NatureReserve/Saved/Config/Windows/Engine.ini]
[2024.06.10-12.39.31:898][  0]LogConfig: Setting CVar [[r.GPUCrashDebugging:0]]
[2024.06.10-12.39.31:898][  0]LogConfig: Applying CVar settings from Section [/Script/Engine.RendererOverrideSettings] File [D:/Games/NatureReserve/NatureReserve/Saved/Config/Windows/Engine.ini]
[2024.06.10-12.39.31:898][  0]LogConfig: Applying CVar settings from Section [/Script/Engine.StreamingSettings] File [D:/Games/NatureReserve/NatureReserve/Saved/Config/Windows/Engine.ini]
[2024.06.10-12.39.31:899][  0]LogConfig: Setting CVar [[s.MinBulkDataSizeForAsyncLoading:131072]]
[2024.06.10-12.39.31:899][  0]LogConfig: Setting CVar [[s.AsyncLoadingThreadEnabled:0]]
[2024.06.10-12.39.31:899][  0]LogConfig: Setting CVar [[s.EventDrivenLoaderEnabled:1]]
[2024.06.10-12.39.31:899][  0]LogConfig: Setting CVar [[s.WarnIfTimeLimitExceeded:0]]
[2024.06.10-12.39.31:899][  0]LogConfig: Setting CVar [[s.TimeLimitExceededMultiplier:1.5]]
[2024.06.10-12.39.31:899][  0]LogConfig: Setting CVar [[s.TimeLimitExceededMinTime:0.005]]
[2024.06.10-12.39.31:899][  0]LogConfig: Setting CVar [[s.UseBackgroundLevelStreaming:1]]
[2024.06.10-12.39.31:899][  0]LogConfig: Setting CVar [[s.PriorityAsyncLoadingExtraTime:15.0]]
[2024.06.10-12.39.31:899][  0]LogConfig: Setting CVar [[s.LevelStreamingActorsUpdateTimeLimit:5.0]]
[2024.06.10-12.39.31:899][  0]LogConfig: Setting CVar [[s.PriorityLevelStreamingActorsUpdateExtraTime:5.0]]
[2024.06.10-12.39.31:899][  0]LogConfig: Setting CVar [[s.LevelStreamingComponentsRegistrationGranularity:10]]
[2024.06.10-12.39.31:899][  0]LogConfig: Setting CVar [[s.UnregisterComponentsTimeLimit:1.0]]
[2024.06.10-12.39.31:899][  0]LogConfig: Setting CVar [[s.LevelStreamingComponentsUnregistrationGranularity:5]]
[2024.06.10-12.39.31:899][  0]LogConfig: Setting CVar [[s.FlushStreamingOnExit:1]]
[2024.06.10-12.39.31:899][  0]LogConfig: Applying CVar settings from Section [/Script/Engine.GarbageCollectionSettings] File [D:/Games/NatureReserve/NatureReserve/Saved/Config/Windows/Engine.ini]
[2024.06.10-12.39.31:899][  0]LogConfig: Setting CVar [[gc.MaxObjectsNotConsideredByGC:1]]
[2024.06.10-12.39.31:899][  0]LogConfig: Setting CVar [[gc.SizeOfPermanentObjectPool:0]]
[2024.06.10-12.39.31:899][  0]LogConfig: Setting CVar [[gc.FlushStreamingOnGC:0]]
[2024.06.10-12.39.31:899][  0]LogConfig: Setting CVar [[gc.NumRetriesBeforeForcingGC:10]]
[2024.06.10-12.39.31:899][  0]LogConfig: Setting CVar [[gc.AllowParallelGC:1]]
[2024.06.10-12.39.31:899][  0]LogConfig: Setting CVar [[gc.TimeBetweenPurgingPendingKillObjects:61.1]]
[2024.06.10-12.39.31:899][  0]LogConfig: Setting CVar [[gc.MaxObjectsInEditor:25165824]]
[2024.06.10-12.39.31:899][  0]LogConfig: Setting CVar [[gc.IncrementalBeginDestroyEnabled:1]]
[2024.06.10-12.39.31:899][  0]LogConfig: Setting CVar [[gc.CreateGCClusters:1]]
[2024.06.10-12.39.31:899][  0]LogConfig: Setting CVar [[gc.MinGCClusterSize:5]]
[2024.06.10-12.39.31:899][  0]LogConfig: Setting CVar [[gc.ActorClusteringEnabled:0]]
[2024.06.10-12.39.31:899][  0]LogConfig: Setting CVar [[gc.BlueprintClusteringEnabled:0]]
[2024.06.10-12.39.31:899][  0]LogConfig: Setting CVar [[gc.UseDisregardForGCOnDedicatedServers:0]]
[2024.06.10-12.39.31:899][  0]LogConfig: Setting CVar [[gc.MultithreadedDestructionEnabled:1]]
[2024.06.10-12.39.31:899][  0]LogConfig: Applying CVar settings from Section [/Script/Engine.NetworkSettings] File [D:/Games/NatureReserve/NatureReserve/Saved/Config/Windows/Engine.ini]
[2024.06.10-12.39.31:899][  0]LogConfig: Applying CVar settings from Section [/Script/UnrealEd.CookerSettings] File [D:/Games/NatureReserve/NatureReserve/Saved/Config/Windows/Engine.ini]
[2024.06.10-12.39.31:912][  0]LogConfig: Applying CVar settings from Section [ViewDistanceQuality@3] File [D:/Games/NatureReserve/NatureReserve/Saved/Config/Windows/Scalability.ini]
[2024.06.10-12.39.31:912][  0]LogConfig: Setting CVar [[r.SkeletalMeshLODBias:0]]
[2024.06.10-12.39.31:912][  0]LogConfig: Setting CVar [[r.ViewDistanceScale:1.0]]
[2024.06.10-12.39.31:912][  0]LogConfig: Applying CVar settings from Section [AntiAliasingQuality@3] File [D:/Games/NatureReserve/NatureReserve/Saved/Config/Windows/Scalability.ini]
[2024.06.10-12.39.31:912][  0]LogConfig: Setting CVar [[r.PostProcessAAQuality:4]]
[2024.06.10-12.39.31:912][  0]LogConfig: Applying CVar settings from Section [ShadowQuality@3] File [D:/Games/NatureReserve/NatureReserve/Saved/Config/Windows/Scalability.ini]
[2024.06.10-12.39.31:912][  0]LogConfig: Setting CVar [[r.LightFunctionQuality:1]]
[2024.06.10-12.39.31:912][  0]LogConfig: Setting CVar [[r.ShadowQuality:5]]
[2024.06.10-12.39.31:912][  0]LogConfig: Setting CVar [[r.Shadow.CSM.MaxCascades:10]]
[2024.06.10-12.39.31:912][  0]LogConfig: Setting CVar [[r.Shadow.MaxResolution:2048]]
[2024.06.10-12.39.31:912][  0]LogConfig: Setting CVar [[r.Shadow.MaxCSMResolution:2048]]
[2024.06.10-12.39.31:912][  0]LogConfig: Setting CVar [[r.Shadow.RadiusThreshold:0.01]]
[2024.06.10-12.39.31:912][  0]LogConfig: Setting CVar [[r.Shadow.DistanceScale:1.0]]
[2024.06.10-12.39.31:912][  0]LogConfig: Setting CVar [[r.Shadow.CSM.TransitionScale:1.0]]
[2024.06.10-12.39.31:912][  0]LogConfig: Setting CVar [[r.Shadow.PreShadowResolutionFactor:1.0]]
[2024.06.10-12.39.31:912][  0]LogConfig: Setting CVar [[r.DistanceFieldShadowing:1]]
[2024.06.10-12.39.31:912][  0]LogConfig: Setting CVar [[r.DistanceFieldAO:1]]
[2024.06.10-12.39.31:912][  0]LogConfig: Setting CVar [[r.AOQuality:2]]
[2024.06.10-12.39.31:912][  0]LogConfig: Setting CVar [[r.VolumetricFog:1]]
[2024.06.10-12.39.31:912][  0]LogConfig: Setting CVar [[r.VolumetricFog.GridPixelSize:8]]
[2024.06.10-12.39.31:912][  0]LogConfig: Setting CVar [[r.VolumetricFog.GridSizeZ:128]]
[2024.06.10-12.39.31:912][  0]LogConfig: Setting CVar [[r.VolumetricFog.HistoryMissSupersampleCount:4]]
[2024.06.10-12.39.31:912][  0]LogConfig: Setting CVar [[r.LightMaxDrawDistanceScale:1]]
[2024.06.10-12.39.31:912][  0]LogConfig: Setting CVar [[r.CapsuleShadows:1]]
[2024.06.10-12.39.31:912][  0]LogConfig: Applying CVar settings from Section [PostProcessQuality@3] File [D:/Games/NatureReserve/NatureReserve/Saved/Config/Windows/Scalability.ini]
[2024.06.10-12.39.31:912][  0]LogConfig: Setting CVar [[r.MotionBlurQuality:4]]
[2024.06.10-12.39.31:912][  0]LogConfig: Setting CVar [[r.AmbientOcclusionMipLevelFactor:0.4]]
[2024.06.10-12.39.31:912][  0]LogConfig: Setting CVar [[r.AmbientOcclusionMaxQuality:100]]
[2024.06.10-12.39.31:912][  0]LogConfig: Setting CVar [[r.AmbientOcclusionLevels:-1]]
[2024.06.10-12.39.31:912][  0]LogConfig: Setting CVar [[r.AmbientOcclusionRadiusScale:1.0]]
[2024.06.10-12.39.31:912][  0]LogConfig: Setting CVar [[r.DepthOfFieldQuality:2]]
[2024.06.10-12.39.31:912][  0]LogConfig: Setting CVar [[r.RenderTargetPoolMin:400]]
[2024.06.10-12.39.31:912][  0]LogConfig: Setting CVar [[r.LensFlareQuality:2]]
[2024.06.10-12.39.31:912][  0]LogConfig: Setting CVar [[r.SceneColorFringeQuality:1]]
[2024.06.10-12.39.31:912][  0]LogConfig: Setting CVar [[r.EyeAdaptationQuality:2]]
[2024.06.10-12.39.31:912][  0]LogConfig: Setting CVar [[r.BloomQuality:5]]
[2024.06.10-12.39.31:912][  0]LogConfig: Setting CVar [[r.FastBlurThreshold:100]]
[2024.06.10-12.39.31:912][  0]LogConfig: Setting CVar [[r.Upscale.Quality:3]]
[2024.06.10-12.39.31:912][  0]LogConfig: Setting CVar [[r.Tonemapper.GrainQuantization:1]]
[2024.06.10-12.39.31:912][  0]LogConfig: Setting CVar [[r.LightShaftQuality:1]]
[2024.06.10-12.39.31:912][  0]LogConfig: Setting CVar [[r.Filter.SizeScale:1]]
[2024.06.10-12.39.31:912][  0]LogConfig: Setting CVar [[r.Tonemapper.Quality:5]]
[2024.06.10-12.39.31:912][  0]LogConfig: Setting CVar [[r.DOF.Gather.AccumulatorQuality:1        ; higher gathering accumulator quality]]
[2024.06.10-12.39.31:912][  0]LogConfig: Setting CVar [[r.DOF.Gather.PostfilterMethod:1          ; Median3x3 postfilering method]]
[2024.06.10-12.39.31:913][  0]LogConfig: Setting CVar [[r.DOF.Gather.EnableBokehSettings:0       ; no bokeh simulation when gathering]]
[2024.06.10-12.39.31:913][  0]LogConfig: Setting CVar [[r.DOF.Gather.RingCount:4                 ; medium number of samples when gathering]]
[2024.06.10-12.39.31:913][  0]LogConfig: Setting CVar [[r.DOF.Scatter.ForegroundCompositing:1    ; additive foreground scattering]]
[2024.06.10-12.39.31:913][  0]LogConfig: Setting CVar [[r.DOF.Scatter.BackgroundCompositing:2    ; additive background scattering]]
[2024.06.10-12.39.31:913][  0]LogConfig: Setting CVar [[r.DOF.Scatter.EnableBokehSettings:1      ; bokeh simulation when scattering]]
[2024.06.10-12.39.31:913][  0]LogConfig: Setting CVar [[r.DOF.Scatter.MaxSpriteRatio:0.1         ; only a maximum of 10% of scattered bokeh]]
[2024.06.10-12.39.31:913][  0]LogConfig: Setting CVar [[r.DOF.Recombine.Quality:1                ; cheap slight out of focus]]
[2024.06.10-12.39.31:913][  0]LogConfig: Setting CVar [[r.DOF.Recombine.EnableBokehSettings:0    ; no bokeh simulation on slight out of focus]]
[2024.06.10-12.39.31:913][  0]LogConfig: Setting CVar [[r.DOF.TemporalAAQuality:1                ; more stable temporal accumulation]]
[2024.06.10-12.39.31:913][  0]LogConfig: Setting CVar [[r.DOF.Kernel.MaxForegroundRadius:0.025]]
[2024.06.10-12.39.31:913][  0]LogConfig: Setting CVar [[r.DOF.Kernel.MaxBackgroundRadius:0.025]]
[2024.06.10-12.39.31:913][  0]LogConfig: Applying CVar settings from Section [TextureQuality@3] File [D:/Games/NatureReserve/NatureReserve/Saved/Config/Windows/Scalability.ini]
[2024.06.10-12.39.31:913][  0]LogConfig: Setting CVar [[r.Streaming.MipBias:0]]
[2024.06.10-12.39.31:913][  0]LogConfig: Setting CVar [[r.Streaming.AmortizeCPUToGPUCopy:0]]
[2024.06.10-12.39.31:913][  0]LogConfig: Setting CVar [[r.Streaming.MaxNumTexturesToStreamPerFrame:0]]
[2024.06.10-12.39.31:913][  0]LogConfig: Setting CVar [[r.Streaming.Boost:1]]
[2024.06.10-12.39.31:913][  0]LogConfig: Setting CVar [[r.MaxAnisotropy:8]]
[2024.06.10-12.39.31:913][  0]LogConfig: Setting CVar [[r.VT.MaxAnisotropy:8]]
[2024.06.10-12.39.31:913][  0]LogConfig: Setting CVar [[r.Streaming.LimitPoolSizeToVRAM:0]]
[2024.06.10-12.39.31:913][  0]LogConfig: Setting CVar [[r.Streaming.PoolSize:1000]]
[2024.06.10-12.39.31:913][  0]LogConfig: Setting CVar [[r.Streaming.MaxEffectiveScreenSize:0]]
[2024.06.10-12.39.31:913][  0]LogConfig: Applying CVar settings from Section [EffectsQuality@3] File [D:/Games/NatureReserve/NatureReserve/Saved/Config/Windows/Scalability.ini]
[2024.06.10-12.39.31:913][  0]LogConfig: Setting CVar [[r.TranslucencyLightingVolumeDim:64]]
[2024.06.10-12.39.31:913][  0]LogConfig: Setting CVar [[r.RefractionQuality:2]]
[2024.06.10-12.39.31:913][  0]LogConfig: Setting CVar [[r.SSR.Quality:3]]
[2024.06.10-12.39.31:913][  0]LogConfig: Setting CVar [[r.SSR.HalfResSceneColor:0]]
[2024.06.10-12.39.31:913][  0]LogConfig: Setting CVar [[r.SceneColorFormat:4]]
[2024.06.10-12.39.31:913][  0]LogConfig: Setting CVar [[r.DetailMode:2]]
[2024.06.10-12.39.31:913][  0]LogConfig: Setting CVar [[r.TranslucencyVolumeBlur:1]]
[2024.06.10-12.39.31:913][  0]LogConfig: Setting CVar [[r.MaterialQualityLevel:1 ; High quality]]
[2024.06.10-12.39.31:913][  0]LogConfig: Setting CVar [[r.AnisotropicMaterials:1]]
[2024.06.10-12.39.31:913][  0]LogConfig: Setting CVar [[r.SSS.Scale:1]]
[2024.06.10-12.39.31:913][  0]LogConfig: Setting CVar [[r.SSS.SampleSet:2]]
[2024.06.10-12.39.31:913][  0]LogConfig: Setting CVar [[r.SSS.Quality:1]]
[2024.06.10-12.39.31:913][  0]LogConfig: Setting CVar [[r.SSS.HalfRes:0]]
[2024.06.10-12.39.31:913][  0]LogConfig: Setting CVar [[r.SSGI.Quality:3]]
[2024.06.10-12.39.31:913][  0]LogConfig: Setting CVar [[r.EmitterSpawnRateScale:1.0]]
[2024.06.10-12.39.31:913][  0]LogConfig: Setting CVar [[r.ParticleLightQuality:2]]
[2024.06.10-12.39.31:913][  0]LogConfig: Setting CVar [[r.SkyAtmosphere.AerialPerspectiveLUT.FastApplyOnOpaque:1 ; Always have FastSkyLUT 1 in this case to avoid wrong sky]]
[2024.06.10-12.39.31:913][  0]LogConfig: Setting CVar [[r.SkyAtmosphere.AerialPerspectiveLUT.SampleCountMaxPerSlice:4]]
[2024.06.10-12.39.31:913][  0]LogConfig: Setting CVar [[r.SkyAtmosphere.AerialPerspectiveLUT.DepthResolution:16.0]]
[2024.06.10-12.39.31:913][  0]LogConfig: Setting CVar [[r.SkyAtmosphere.FastSkyLUT:1]]
[2024.06.10-12.39.31:913][  0]LogConfig: Setting CVar [[r.SkyAtmosphere.FastSkyLUT.SampleCountMin:4.0]]
[2024.06.10-12.39.31:913][  0]LogConfig: Setting CVar [[r.SkyAtmosphere.FastSkyLUT.SampleCountMax:128.0]]
[2024.06.10-12.39.31:913][  0]LogConfig: Setting CVar [[r.SkyAtmosphere.SampleCountMin:4.0]]
[2024.06.10-12.39.31:913][  0]LogConfig: Setting CVar [[r.SkyAtmosphere.SampleCountMax:128.0]]
[2024.06.10-12.39.31:913][  0]LogConfig: Setting CVar [[r.SkyAtmosphere.TransmittanceLUT.UseSmallFormat:0]]
[2024.06.10-12.39.31:913][  0]LogConfig: Setting CVar [[r.SkyAtmosphere.TransmittanceLUT.SampleCount:10.0]]
[2024.06.10-12.39.31:913][  0]LogConfig: Setting CVar [[r.SkyAtmosphere.MultiScatteringLUT.SampleCount:15.0]]
[2024.06.10-12.39.31:913][  0]LogConfig: Setting CVar [[r.SkyLight.RealTimeReflectionCapture:1]]
[2024.06.10-12.39.31:913][  0]LogConfig: Applying CVar settings from Section [FoliageQuality@3] File [D:/Games/NatureReserve/NatureReserve/Saved/Config/Windows/Scalability.ini]
[2024.06.10-12.39.31:913][  0]LogConfig: Setting CVar [[foliage.DensityScale:1.0]]
[2024.06.10-12.39.31:913][  0]LogConfig: Setting CVar [[grass.DensityScale:1.0]]
[2024.06.10-12.39.31:913][  0]LogConfig: Applying CVar settings from Section [ShadingQuality@3] File [D:/Games/NatureReserve/NatureReserve/Saved/Config/Windows/Scalability.ini]
[2024.06.10-12.39.31:913][  0]LogConfig: Setting CVar [[r.HairStrands.SkyLighting.IntegrationType:2]]
[2024.06.10-12.39.31:913][  0]LogConfig: Setting CVar [[r.HairStrands.SkyAO.SampleCount:4]]
[2024.06.10-12.39.31:913][  0]LogConfig: Setting CVar [[r.HairStrands.Visibility.MSAA.SamplePerPixel:4]]
[2024.06.10-12.39.31:913][  0]LogInit: Selected Device Profile: [Windows]
[2024.06.10-12.39.31:913][  0]LogInit: Applying CVar settings loaded from the selected device profile: [Windows]
[2024.06.10-12.39.31:913][  0]LogHAL: Display: Platform has ~ 16 GB [17104957440 / 17179869184 / 16], which maps to Larger [LargestMinGB=32, LargerMinGB=12, DefaultMinGB=8, SmallerMinGB=6, SmallestMinGB=0)
[2024.06.10-12.39.31:913][  0]LogInit: Going up to parent DeviceProfile []
[2024.06.10-12.39.31:913][  0]LogConfig: Applying CVar settings from Section [ViewDistanceQuality@3] File [D:/Games/NatureReserve/NatureReserve/Saved/Config/Windows/Scalability.ini]
[2024.06.10-12.39.31:913][  0]LogConfig: Setting CVar [[r.SkeletalMeshLODBias:0]]
[2024.06.10-12.39.31:913][  0]LogConfig: Setting CVar [[r.ViewDistanceScale:1.0]]
[2024.06.10-12.39.31:913][  0]LogConfig: Applying CVar settings from Section [AntiAliasingQuality@3] File [D:/Games/NatureReserve/NatureReserve/Saved/Config/Windows/Scalability.ini]
[2024.06.10-12.39.31:913][  0]LogConfig: Setting CVar [[r.PostProcessAAQuality:4]]
[2024.06.10-12.39.31:913][  0]LogConfig: Applying CVar settings from Section [ShadowQuality@3] File [D:/Games/NatureReserve/NatureReserve/Saved/Config/Windows/Scalability.ini]
[2024.06.10-12.39.31:913][  0]LogConfig: Setting CVar [[r.LightFunctionQuality:1]]
[2024.06.10-12.39.31:913][  0]LogConfig: Setting CVar [[r.ShadowQuality:5]]
[2024.06.10-12.39.31:913][  0]LogConfig: Setting CVar [[r.Shadow.CSM.MaxCascades:10]]
[2024.06.10-12.39.31:913][  0]LogConfig: Setting CVar [[r.Shadow.MaxResolution:2048]]
[2024.06.10-12.39.31:913][  0]LogConfig: Setting CVar [[r.Shadow.MaxCSMResolution:2048]]
[2024.06.10-12.39.31:913][  0]LogConfig: Setting CVar [[r.Shadow.RadiusThreshold:0.01]]
[2024.06.10-12.39.31:913][  0]LogConfig: Setting CVar [[r.Shadow.DistanceScale:1.0]]
[2024.06.10-12.39.31:913][  0]LogConfig: Setting CVar [[r.Shadow.CSM.TransitionScale:1.0]]
[2024.06.10-12.39.31:913][  0]LogConfig: Setting CVar [[r.Shadow.PreShadowResolutionFactor:1.0]]
[2024.06.10-12.39.31:913][  0]LogConfig: Setting CVar [[r.DistanceFieldShadowing:1]]
[2024.06.10-12.39.31:913][  0]LogConfig: Setting CVar [[r.DistanceFieldAO:1]]
[2024.06.10-12.39.31:913][  0]LogConfig: Setting CVar [[r.AOQuality:2]]
[2024.06.10-12.39.31:913][  0]LogConfig: Setting CVar [[r.VolumetricFog:1]]
[2024.06.10-12.39.31:913][  0]LogConfig: Setting CVar [[r.VolumetricFog.GridPixelSize:8]]
[2024.06.10-12.39.31:913][  0]LogConfig: Setting CVar [[r.VolumetricFog.GridSizeZ:128]]
[2024.06.10-12.39.31:913][  0]LogConfig: Setting CVar [[r.VolumetricFog.HistoryMissSupersampleCount:4]]
[2024.06.10-12.39.31:913][  0]LogConfig: Setting CVar [[r.LightMaxDrawDistanceScale:1]]
[2024.06.10-12.39.31:913][  0]LogConfig: Setting CVar [[r.CapsuleShadows:1]]
[2024.06.10-12.39.31:913][  0]LogConfig: Applying CVar settings from Section [PostProcessQuality@3] File [D:/Games/NatureReserve/NatureReserve/Saved/Config/Windows/Scalability.ini]
[2024.06.10-12.39.31:913][  0]LogConfig: Setting CVar [[r.MotionBlurQuality:4]]
[2024.06.10-12.39.31:913][  0]LogConfig: Setting CVar [[r.AmbientOcclusionMipLevelFactor:0.4]]
[2024.06.10-12.39.31:913][  0]LogConfig: Setting CVar [[r.AmbientOcclusionMaxQuality:100]]
[2024.06.10-12.39.31:913][  0]LogConfig: Setting CVar [[r.AmbientOcclusionLevels:-1]]
[2024.06.10-12.39.31:913][  0]LogConfig: Setting CVar [[r.AmbientOcclusionRadiusScale:1.0]]
[2024.06.10-12.39.31:913][  0]LogConfig: Setting CVar [[r.DepthOfFieldQuality:2]]
[2024.06.10-12.39.31:913][  0]LogConfig: Setting CVar [[r.RenderTargetPoolMin:400]]
[2024.06.10-12.39.31:913][  0]LogConfig: Setting CVar [[r.LensFlareQuality:2]]
[2024.06.10-12.39.31:913][  0]LogConfig: Setting CVar [[r.SceneColorFringeQuality:1]]
[2024.06.10-12.39.31:913][  0]LogConfig: Setting CVar [[r.EyeAdaptationQuality:2]]
[2024.06.10-12.39.31:913][  0]LogConfig: Setting CVar [[r.BloomQuality:5]]
[2024.06.10-12.39.31:913][  0]LogConfig: Setting CVar [[r.FastBlurThreshold:100]]
[2024.06.10-12.39.31:913][  0]LogConfig: Setting CVar [[r.Upscale.Quality:3]]
[2024.06.10-12.39.31:913][  0]LogConfig: Setting CVar [[r.Tonemapper.GrainQuantization:1]]
[2024.06.10-12.39.31:913][  0]LogConfig: Setting CVar [[r.LightShaftQuality:1]]
[2024.06.10-12.39.31:913][  0]LogConfig: Setting CVar [[r.Filter.SizeScale:1]]
[2024.06.10-12.39.31:913][  0]LogConfig: Setting CVar [[r.Tonemapper.Quality:5]]
[2024.06.10-12.39.31:913][  0]LogConfig: Setting CVar [[r.DOF.Gather.AccumulatorQuality:1        ; higher gathering accumulator quality]]
[2024.06.10-12.39.31:913][  0]LogConfig: Setting CVar [[r.DOF.Gather.PostfilterMethod:1          ; Median3x3 postfilering method]]
[2024.06.10-12.39.31:913][  0]LogConfig: Setting CVar [[r.DOF.Gather.EnableBokehSettings:0       ; no bokeh simulation when gathering]]
[2024.06.10-12.39.31:913][  0]LogConfig: Setting CVar [[r.DOF.Gather.RingCount:4                 ; medium number of samples when gathering]]
[2024.06.10-12.39.31:913][  0]LogConfig: Setting CVar [[r.DOF.Scatter.ForegroundCompositing:1    ; additive foreground scattering]]
[2024.06.10-12.39.31:913][  0]LogConfig: Setting CVar [[r.DOF.Scatter.BackgroundCompositing:2    ; additive background scattering]]
[2024.06.10-12.39.31:913][  0]LogConfig: Setting CVar [[r.DOF.Scatter.EnableBokehSettings:1      ; bokeh simulation when scattering]]
[2024.06.10-12.39.31:913][  0]LogConfig: Setting CVar [[r.DOF.Scatter.MaxSpriteRatio:0.1         ; only a maximum of 10% of scattered bokeh]]
[2024.06.10-12.39.31:913][  0]LogConfig: Setting CVar [[r.DOF.Recombine.Quality:1                ; cheap slight out of focus]]
[2024.06.10-12.39.31:914][  0]LogConfig: Setting CVar [[r.DOF.Recombine.EnableBokehSettings:0    ; no bokeh simulation on slight out of focus]]
[2024.06.10-12.39.31:914][  0]LogConfig: Setting CVar [[r.DOF.TemporalAAQuality:1                ; more stable temporal accumulation]]
[2024.06.10-12.39.31:914][  0]LogConfig: Setting CVar [[r.DOF.Kernel.MaxForegroundRadius:0.025]]
[2024.06.10-12.39.31:914][  0]LogConfig: Setting CVar [[r.DOF.Kernel.MaxBackgroundRadius:0.025]]
[2024.06.10-12.39.31:914][  0]LogConfig: Applying CVar settings from Section [TextureQuality@3] File [D:/Games/NatureReserve/NatureReserve/Saved/Config/Windows/Scalability.ini]
[2024.06.10-12.39.31:914][  0]LogConfig: Setting CVar [[r.Streaming.MipBias:0]]
[2024.06.10-12.39.31:914][  0]LogConfig: Setting CVar [[r.Streaming.AmortizeCPUToGPUCopy:0]]
[2024.06.10-12.39.31:914][  0]LogConfig: Setting CVar [[r.Streaming.MaxNumTexturesToStreamPerFrame:0]]
[2024.06.10-12.39.31:914][  0]LogConfig: Setting CVar [[r.Streaming.Boost:1]]
[2024.06.10-12.39.31:914][  0]LogConfig: Setting CVar [[r.MaxAnisotropy:8]]
[2024.06.10-12.39.31:914][  0]LogConfig: Setting CVar [[r.VT.MaxAnisotropy:8]]
[2024.06.10-12.39.31:914][  0]LogConfig: Setting CVar [[r.Streaming.LimitPoolSizeToVRAM:0]]
[2024.06.10-12.39.31:914][  0]LogConfig: Setting CVar [[r.Streaming.PoolSize:1000]]
[2024.06.10-12.39.31:914][  0]LogConfig: Setting CVar [[r.Streaming.MaxEffectiveScreenSize:0]]
[2024.06.10-12.39.31:914][  0]LogConfig: Applying CVar settings from Section [EffectsQuality@3] File [D:/Games/NatureReserve/NatureReserve/Saved/Config/Windows/Scalability.ini]
[2024.06.10-12.39.31:914][  0]LogConfig: Setting CVar [[r.TranslucencyLightingVolumeDim:64]]
[2024.06.10-12.39.31:914][  0]LogConfig: Setting CVar [[r.RefractionQuality:2]]
[2024.06.10-12.39.31:914][  0]LogConfig: Setting CVar [[r.SSR.Quality:3]]
[2024.06.10-12.39.31:914][  0]LogConfig: Setting CVar [[r.SSR.HalfResSceneColor:0]]
[2024.06.10-12.39.31:914][  0]LogConfig: Setting CVar [[r.SceneColorFormat:4]]
[2024.06.10-12.39.31:914][  0]LogConfig: Setting CVar [[r.DetailMode:2]]
[2024.06.10-12.39.31:914][  0]LogConfig: Setting CVar [[r.TranslucencyVolumeBlur:1]]
[2024.06.10-12.39.31:914][  0]LogConfig: Setting CVar [[r.MaterialQualityLevel:1 ; High quality]]
[2024.06.10-12.39.31:914][  0]LogConfig: Setting CVar [[r.AnisotropicMaterials:1]]
[2024.06.10-12.39.31:914][  0]LogConfig: Setting CVar [[r.SSS.Scale:1]]
[2024.06.10-12.39.31:914][  0]LogConfig: Setting CVar [[r.SSS.SampleSet:2]]
[2024.06.10-12.39.31:914][  0]LogConfig: Setting CVar [[r.SSS.Quality:1]]
[2024.06.10-12.39.31:914][  0]LogConfig: Setting CVar [[r.SSS.HalfRes:0]]
[2024.06.10-12.39.31:914][  0]LogConfig: Setting CVar [[r.SSGI.Quality:3]]
[2024.06.10-12.39.31:914][  0]LogConfig: Setting CVar [[r.EmitterSpawnRateScale:1.0]]
[2024.06.10-12.39.31:914][  0]LogConfig: Setting CVar [[r.ParticleLightQuality:2]]
[2024.06.10-12.39.31:914][  0]LogConfig: Setting CVar [[r.SkyAtmosphere.AerialPerspectiveLUT.FastApplyOnOpaque:1 ; Always have FastSkyLUT 1 in this case to avoid wrong sky]]
[2024.06.10-12.39.31:914][  0]LogConfig: Setting CVar [[r.SkyAtmosphere.AerialPerspectiveLUT.SampleCountMaxPerSlice:4]]
[2024.06.10-12.39.31:914][  0]LogConfig: Setting CVar [[r.SkyAtmosphere.AerialPerspectiveLUT.DepthResolution:16.0]]
[2024.06.10-12.39.31:914][  0]LogConfig: Setting CVar [[r.SkyAtmosphere.FastSkyLUT:1]]
[2024.06.10-12.39.31:914][  0]LogConfig: Setting CVar [[r.SkyAtmosphere.FastSkyLUT.SampleCountMin:4.0]]
[2024.06.10-12.39.31:914][  0]LogConfig: Setting CVar [[r.SkyAtmosphere.FastSkyLUT.SampleCountMax:128.0]]
[2024.06.10-12.39.31:914][  0]LogConfig: Setting CVar [[r.SkyAtmosphere.SampleCountMin:4.0]]
[2024.06.10-12.39.31:914][  0]LogConfig: Setting CVar [[r.SkyAtmosphere.SampleCountMax:128.0]]
[2024.06.10-12.39.31:914][  0]LogConfig: Setting CVar [[r.SkyAtmosphere.TransmittanceLUT.UseSmallFormat:0]]
[2024.06.10-12.39.31:914][  0]LogConfig: Setting CVar [[r.SkyAtmosphere.TransmittanceLUT.SampleCount:10.0]]
[2024.06.10-12.39.31:914][  0]LogConfig: Setting CVar [[r.SkyAtmosphere.MultiScatteringLUT.SampleCount:15.0]]
[2024.06.10-12.39.31:914][  0]LogConfig: Setting CVar [[r.SkyLight.RealTimeReflectionCapture:1]]
[2024.06.10-12.39.31:914][  0]LogConfig: Applying CVar settings from Section [FoliageQuality@3] File [D:/Games/NatureReserve/NatureReserve/Saved/Config/Windows/Scalability.ini]
[2024.06.10-12.39.31:914][  0]LogConfig: Setting CVar [[foliage.DensityScale:1.0]]
[2024.06.10-12.39.31:914][  0]LogConfig: Setting CVar [[grass.DensityScale:1.0]]
[2024.06.10-12.39.31:914][  0]LogConfig: Applying CVar settings from Section [ShadingQuality@3] File [D:/Games/NatureReserve/NatureReserve/Saved/Config/Windows/Scalability.ini]
[2024.06.10-12.39.31:914][  0]LogConfig: Setting CVar [[r.HairStrands.SkyLighting.IntegrationType:2]]
[2024.06.10-12.39.31:914][  0]LogConfig: Setting CVar [[r.HairStrands.SkyAO.SampleCount:4]]
[2024.06.10-12.39.31:914][  0]LogConfig: Setting CVar [[r.HairStrands.Visibility.MSAA.SamplePerPixel:4]]
[2024.06.10-12.39.31:914][  0]LogConfig: Applying CVar settings from Section [Startup] File [../../../Engine/Config/ConsoleVariables.ini]
[2024.06.10-12.39.31:914][  0]LogConfig: Setting CVar [[net.UseAdaptiveNetUpdateFrequency:0]]
[2024.06.10-12.39.31:914][  0]LogConfig: Setting CVar [[p.chaos.AllowCreatePhysxBodies:1]]
[2024.06.10-12.39.31:914][  0]LogConfig: Setting CVar [[fx.SkipVectorVMBackendOptimizations:1]]
[2024.06.10-12.39.31:914][  0]LogConfig: Applying CVar settings from Section [ConsoleVariables] File [D:/Games/NatureReserve/NatureReserve/Saved/Config/Windows/Engine.ini]
[2024.06.10-12.39.31:914][  0]LogConfig: Applying CVar settings from Section [ConsoleVariables] File [D:/Games/NatureReserve/NatureReserve/Saved/Config/Windows/Editor.ini]
[2024.06.10-12.39.31:914][  0]LogInit: Computer: DESKTOP-1LRC8FL
[2024.06.10-12.39.31:914][  0]LogInit: User: keyho
[2024.06.10-12.39.31:914][  0]LogInit: CPU Page size=4096, Cores=8
[2024.06.10-12.39.31:914][  0]LogInit: High frequency timer resolution =10.000000 MHz
[2024.06.10-12.39.31:914][  0]LogMemory: Memory total: Physical=15.9GB (16GB approx)
[2024.06.10-12.39.31:914][  0]LogMemory: Platform Memory Stats for Windows
[2024.06.10-12.39.31:914][  0]LogMemory: Process Physical Memory: 148.57 MB used, 148.58 MB peak
[2024.06.10-12.39.31:914][  0]LogMemory: Process Virtual Memory: 132.99 MB used, 132.99 MB peak
[2024.06.10-12.39.31:914][  0]LogMemory: Physical Memory: 7418.68 MB used,  8893.88 MB free, 16312.56 MB total
[2024.06.10-12.39.31:914][  0]LogMemory: Virtual Memory: 134209520.00 MB used,  8205.75 MB free, 134217728.00 MB total
[2024.06.10-12.39.31:918][  0]LogWindows: WindowsPlatformFeatures enabled
[2024.06.10-12.39.31:946][  0]LogInit: Physics initialised using underlying interface: PhysX
[2024.06.10-12.39.31:946][  0]LogInit: Using OS detected language (en-GB).
[2024.06.10-12.39.31:946][  0]LogInit: Using OS detected locale (en-GB).
[2024.06.10-12.39.31:949][  0]LogTextLocalizationManager: No specific localization for 'en-GB' exists, so the 'en' localization will be used.
[2024.06.10-12.39.32:092][  0]LogInit: Setting process to per monitor DPI aware
[2024.06.10-12.39.32:110][  0]LogWindowsTextInputMethodSystem: Display: IME system deactivated.
[2024.06.10-12.39.32:127][  0]LogSlate: New Slate User Created.  User Index 0, Is Virtual User: 0
[2024.06.10-12.39.32:127][  0]LogSlate: Slate User Registered.  User Index 0, Is Virtual User: 0
[2024.06.10-12.39.32:240][  0]LogD3D11RHI: Loaded GFSDK_Aftermath_Lib.x64.dll
[2024.06.10-12.39.32:264][  0]LogHMD: Failed to initialize OpenVR with code 126
[2024.06.10-12.39.32:264][  0]LogD3D11RHI: D3D11 min allowed feature level: 11_0
[2024.06.10-12.39.32:264][  0]LogD3D11RHI: D3D11 max allowed feature level: 11_0
[2024.06.10-12.39.32:264][  0]LogD3D11RHI: D3D11 adapters:
[2024.06.10-12.39.32:410][  0]LogD3D11RHI:    0. 'NVIDIA GeForce RTX 3060' (Feature Level 11_0)
[2024.06.10-12.39.32:410][  0]LogD3D11RHI:       12129/0/8156 MB DedicatedVideo/DedicatedSystem/SharedSystem, Outputs:2, VendorId:0x10de
[2024.06.10-12.39.32:412][  0]LogD3D11RHI:    1. 'Microsoft Basic Render Driver' (Feature Level 11_0)
[2024.06.10-12.39.32:412][  0]LogD3D11RHI:       0/0/8156 MB DedicatedVideo/DedicatedSystem/SharedSystem, Outputs:0, VendorId:0x1414
[2024.06.10-12.39.32:412][  0]LogD3D11RHI: Chosen D3D11 Adapter:
[2024.06.10-12.39.32:412][  0]LogD3D11RHI:     Description : NVIDIA GeForce RTX 3060
[2024.06.10-12.39.32:412][  0]LogD3D11RHI:     VendorId    : 10de
[2024.06.10-12.39.32:412][  0]LogD3D11RHI:     DeviceId    : 2503
[2024.06.10-12.39.32:412][  0]LogD3D11RHI:     SubSysId    : 39031462
[2024.06.10-12.39.32:412][  0]LogD3D11RHI:     Revision    : 00a1
[2024.06.10-12.39.32:412][  0]LogD3D11RHI:     DedicatedVideoMemory : 12718178304 bytes
[2024.06.10-12.39.32:412][  0]LogD3D11RHI:     DedicatedSystemMemory : 0 bytes
[2024.06.10-12.39.32:412][  0]LogD3D11RHI:     SharedSystemMemory : 8552478720 bytes
[2024.06.10-12.39.32:412][  0]LogD3D11RHI:     AdapterLuid : 0 48844
[2024.06.10-12.39.32:416][  0]LogD3D11RHI: Creating new Direct3DDevice
[2024.06.10-12.39.32:416][  0]LogD3D11RHI:     GPU DeviceId: 0x2503 (for the marketing name, search the web for "GPU Device Id")
[2024.06.10-12.39.32:416][  0]LogWindows: EnumDisplayDevices:
[2024.06.10-12.39.32:416][  0]LogWindows:    0. 'NVIDIA GeForce RTX 3060' (P:1 D:1)
[2024.06.10-12.39.32:416][  0]LogWindows:    1. 'NVIDIA GeForce RTX 3060' (P:0 D:1)
[2024.06.10-12.39.32:416][  0]LogWindows:    2. 'NVIDIA GeForce RTX 3060' (P:0 D:0)
[2024.06.10-12.39.32:416][  0]LogWindows:    3. 'NVIDIA GeForce RTX 3060' (P:0 D:0)
[2024.06.10-12.39.32:416][  0]LogWindows: DebugString: FoundDriverCount:4 
[2024.06.10-12.39.32:416][  0]LogD3D11RHI:     Adapter Name: NVIDIA GeForce RTX 3060
[2024.06.10-12.39.32:416][  0]LogD3D11RHI:   Driver Version: 545.84 (internal:31.0.15.4584, unified:545.84)
[2024.06.10-12.39.32:416][  0]LogD3D11RHI:      Driver Date: 10-11-2023
[2024.06.10-12.39.32:416][  0]LogRHI: Texture pool is 8490 MB (70% of 12129 MB)
[2024.06.10-12.39.32:416][  0]LogD3D11RHI: Creating D3DDevice using adapter:
[2024.06.10-12.39.32:416][  0]LogD3D11RHI:     Description : NVIDIA GeForce RTX 3060
[2024.06.10-12.39.32:416][  0]LogD3D11RHI:     VendorId    : 10de
[2024.06.10-12.39.32:416][  0]LogD3D11RHI:     DeviceId    : 2503
[2024.06.10-12.39.32:416][  0]LogD3D11RHI:     SubSysId    : 39031462
[2024.06.10-12.39.32:416][  0]LogD3D11RHI:     Revision    : 00a1
[2024.06.10-12.39.32:416][  0]LogD3D11RHI:     DedicatedVideoMemory : 12718178304 bytes
[2024.06.10-12.39.32:416][  0]LogD3D11RHI:     DedicatedSystemMemory : 0 bytes
[2024.06.10-12.39.32:416][  0]LogD3D11RHI:     SharedSystemMemory : 8552478720 bytes
[2024.06.10-12.39.32:416][  0]LogD3D11RHI:     AdapterLuid : 0 48844
[2024.06.10-12.39.32:518][  0]LogD3D11RHI: RHI has support for 64 bit atomics
[2024.06.10-12.39.32:518][  0]LogD3D11RHI: Async texture creation enabled
[2024.06.10-12.39.32:518][  0]LogD3D11RHI: Array index from any shader is supported
[2024.06.10-12.39.32:532][  0]LogD3D11RHI: GPU Timing Frequency: 1000.000000 (Debug: 2 1)
[2024.06.10-12.39.32:562][  0]LogRHI: GeForceNow SDK initialized: 1
[2024.06.10-12.39.32:806][  0]LogTargetPlatformManager: Display: Loaded TargetPlatform 'AllDesktop'
[2024.06.10-12.39.32:827][  0]LogTargetPlatformManager: Display: Loaded TargetPlatform 'Android'
[2024.06.10-12.39.32:827][  0]LogTargetPlatformManager: Display: Loaded TargetPlatform 'Android_ASTC'
[2024.06.10-12.39.32:827][  0]LogTargetPlatformManager: Display: Loaded TargetPlatform 'Android_DXT'
[2024.06.10-12.39.32:827][  0]LogTargetPlatformManager: Display: Loaded TargetPlatform 'Android_ETC2'
[2024.06.10-12.39.32:827][  0]LogTargetPlatformManager: Display: Loaded TargetPlatform 'AndroidClient'
[2024.06.10-12.39.32:827][  0]LogTargetPlatformManager: Display: Loaded TargetPlatform 'Android_ASTCClient'
[2024.06.10-12.39.32:827][  0]LogTargetPlatformManager: Display: Loaded TargetPlatform 'Android_DXTClient'
[2024.06.10-12.39.32:827][  0]LogTargetPlatformManager: Display: Loaded TargetPlatform 'Android_ETC2Client'
[2024.06.10-12.39.32:827][  0]LogTargetPlatformManager: Display: Loaded TargetPlatform 'Android_Multi'
[2024.06.10-12.39.32:827][  0]LogTargetPlatformManager: Display: Loaded TargetPlatform 'Android_MultiClient'
[2024.06.10-12.39.32:840][  0]LogTargetPlatformManager: Display: Loaded TargetPlatform 'IOSClient'
[2024.06.10-12.39.32:840][  0]LogTargetPlatformManager: Display: Loaded TargetPlatform 'IOS'
[2024.06.10-12.39.32:847][  0]LogTargetPlatformManager: Display: Loaded TargetPlatform 'Linux'
[2024.06.10-12.39.32:851][  0]LogTargetPlatformManager: Display: Loaded TargetPlatform 'LinuxNoEditor'
[2024.06.10-12.39.32:854][  0]LogTargetPlatformManager: Display: Loaded TargetPlatform 'LinuxClient'
[2024.06.10-12.39.32:858][  0]LogTargetPlatformManager: Display: Loaded TargetPlatform 'LinuxServer'
[2024.06.10-12.39.32:864][  0]LogTargetPlatformManager: Display: Loaded TargetPlatform 'LinuxAArch64NoEditor'
[2024.06.10-12.39.32:868][  0]LogTargetPlatformManager: Display: Loaded TargetPlatform 'LinuxAArch64Client'
[2024.06.10-12.39.32:871][  0]LogTargetPlatformManager: Display: Loaded TargetPlatform 'LinuxAArch64Server'
[2024.06.10-12.39.32:889][  0]LogTargetPlatformManager: Display: Loaded TargetPlatform 'Lumin'
[2024.06.10-12.39.32:889][  0]LogTargetPlatformManager: Display: Loaded TargetPlatform 'LuminClient'
[2024.06.10-12.39.32:895][  0]LogTargetPlatformManager: Display: Loaded TargetPlatform 'MacNoEditor'
[2024.06.10-12.39.32:898][  0]LogTargetPlatformManager: Display: Loaded TargetPlatform 'Mac'
[2024.06.10-12.39.32:901][  0]LogTargetPlatformManager: Display: Loaded TargetPlatform 'MacClient'
[2024.06.10-12.39.32:904][  0]LogTargetPlatformManager: Display: Loaded TargetPlatform 'MacServer'
[2024.06.10-12.39.32:911][  0]LogTargetPlatformManager: Display: Loaded TargetPlatform 'TVOSClient'
[2024.06.10-12.39.32:911][  0]LogTargetPlatformManager: Display: Loaded TargetPlatform 'TVOS'
[2024.06.10-12.39.32:918][  0]LogTargetPlatformManager: Display: Loaded TargetPlatform 'WindowsNoEditor'
[2024.06.10-12.39.32:922][  0]LogTargetPlatformManager: Display: Loaded TargetPlatform 'Windows'
[2024.06.10-12.39.32:925][  0]LogTargetPlatformManager: Display: Loaded TargetPlatform 'WindowsClient'
[2024.06.10-12.39.32:928][  0]LogTargetPlatformManager: Display: Loaded TargetPlatform 'WindowsServer'
[2024.06.10-12.39.32:928][  0]LogTargetPlatformManager: Display: Building Assets For Windows
[2024.06.10-12.39.32:933][  0]LogAudioDebug: Display: Lib vorbis DLL was dynamically loaded.
[2024.06.10-12.39.32:959][  0]LogTextureFormatOodle: Display: Oodle Texture 2.9.0 init RDO Off
[2024.06.10-12.39.32:980][  0]LogRendererCore: Ray tracing is disabled. Reason: r.RayTracing=0.
[2024.06.10-12.39.32:980][  0]LogShaderCompilers: Guid format shader working directory is 10 characters bigger than the processId version (D:/Games/NatureReserve/NatureReserve/Intermediate/Shaders/WorkingDirectory/3332/).
[2024.06.10-12.39.32:980][  0]LogShaderCompilers: Cleaned the shader compiler working directory 'C:/Users/keyho/AppData/Local/Temp/UnrealShaderWorkingDir/85E41A974C5A377F0928708E36ACDF0E/'.
[2024.06.10-12.39.32:980][  0]LogXGEController: Cannot use XGE Controller as Incredibuild is not installed on this machine.
[2024.06.10-12.39.32:981][  0]LogShaderCompilers: Cannot use XGE Shader Compiler as Incredibuild is not installed on this machine.
[2024.06.10-12.39.32:981][  0]LogShaderCompilers: Display: Using Local Shader Compiler.
[2024.06.10-12.39.33:572][  0]LogDerivedDataCache: Display: Max Cache Size: 512 MB
[2024.06.10-12.39.33:615][  0]LogDerivedDataCache: Loaded boot cache 0.04s 94MB C:/Users/keyho/AppData/Local/UnrealEngine/4.27/DerivedDataCache/Boot.ddc.
[2024.06.10-12.39.33:615][  0]LogDerivedDataCache: Display: Loaded Boot cache: C:/Users/keyho/AppData/Local/UnrealEngine/4.27/DerivedDataCache/Boot.ddc
[2024.06.10-12.39.33:615][  0]LogDerivedDataCache: FDerivedDataBackendGraph:  Pak pak cache file D:/Games/NatureReserve/NatureReserve/DerivedDataCache/DDC.ddp not found, will not use a pak cache.
[2024.06.10-12.39.33:615][  0]LogDerivedDataCache: Unable to find inner node Pak for hierarchical cache Hierarchy.
[2024.06.10-12.39.33:615][  0]LogDerivedDataCache: FDerivedDataBackendGraph:  CompressedPak pak cache file D:/Games/NatureReserve/NatureReserve/DerivedDataCache/Compressed.ddp not found, will not use a pak cache.
[2024.06.10-12.39.33:615][  0]LogDerivedDataCache: Unable to find inner node CompressedPak for hierarchical cache Hierarchy.
[2024.06.10-12.39.33:628][  0]LogDerivedDataCache: Display: Pak cache opened for reading ../../../Engine/DerivedDataCache/Compressed.ddp.
[2024.06.10-12.39.33:628][  0]LogDerivedDataCache: FDerivedDataBackendGraph:  EnterprisePak pak cache file ../../../Enterprise/DerivedDataCache/Compressed.ddp not found, will not use a pak cache.
[2024.06.10-12.39.33:628][  0]LogDerivedDataCache: Unable to find inner node EnterprisePak for hierarchical cache Hierarchy.
[2024.06.10-12.39.33:636][  0]LogDerivedDataCache: Speed tests for C:/Users/keyho/AppData/Local/UnrealEngine/Common/DerivedDataCache took 0.01 seconds
[2024.06.10-12.39.33:636][  0]LogDerivedDataCache: Display: Performance to C:/Users/keyho/AppData/Local/UnrealEngine/Common/DerivedDataCache: Latency=0.04ms. RandomReadSpeed=1344.26MBs, RandomWriteSpeed=143.30MBs. Assigned SpeedClass 'Local'
[2024.06.10-12.39.33:637][  0]LogDerivedDataCache: Using Local data cache path C:/Users/keyho/AppData/Local/UnrealEngine/Common/DerivedDataCache: Writable
[2024.06.10-12.39.33:637][  0]LogDerivedDataCache: Shared data cache path not found in *engine.ini, will not use an Shared cache.
[2024.06.10-12.39.33:637][  0]LogDerivedDataCache: Unable to find inner node Shared for hierarchical cache Hierarchy.
[2024.06.10-12.39.33:675][  0]LogSlate: Using FreeType 2.10.0
[2024.06.10-12.39.33:676][  0]LogSlate: SlateFontServices - WITH_FREETYPE: 1, WITH_HARFBUZZ: 1
[2024.06.10-12.39.33:694][  0]LogAssetRegistry: FAssetRegistry took 0.0019 seconds to start up
[2024.06.10-12.39.33:864][  0]LogInit: Selected Device Profile: [Windows]
[2024.06.10-12.39.33:864][  0]LogInit: Active device profile: [0000014890E2FD00][000001488F54CE80 49] Windows
[2024.06.10-12.39.33:864][  0]LogInit: Profiles: [0000014890E2FD00][000001488F54CE80 49] Windows, [0000014890DF4400][000001489183B000 49] WindowsNoEditor, [0000014890E2C400][000001489183F180 49] WindowsServer, [0000014890DF7600][000001489188D300 49] WindowsClient, [0000014890E2F500][00000148918EB480 49] IOS, [0000014890DF4E00][00000148918EF600 49] iPadAir, [0000014890E2CD00][00000148918F7780 49] iPadAir2, [0000014890BC4500][0000014891907A40 49] IPadPro, [0000014890BC4600][00000148918FFA80 49] iPadAir3, [0000014890E2EE00][000001488679BC00 49] iPadAir4, [0000014890BC7A00][000001489195A200 49] iPadMini2, [0000014890E2D200][00000148878F6380 49] iPadMini3, [0000014890BC5500][00000148878FA500 49] iPadMini4, [0000014890E2E600][0000014891836640 49] iPadMini5, [0000014890BBBD00][0000014887906880 49] iPhone6, [0000014890BBBE00][00000148878FE8C0 49] iPodTouch6, [0000014890BC7300][0000014887922B80 49] iPhone7, [0000014890BC7400][0000014887912BC0 49] iPodTouch7, [0000014890BB8900][0000014887926D40 49] iPhone5S, [0000014890BC6900][000001488792AEC0 49] iPhone6Plus, [0000014890BBB000][0000014887933040 49] iPhone6S, [0000014890BC7C00][000001488842D1C0 49] iPhone6SPlus, [0000014890BB9100][0000014888439340 49] iPhone7Plus, [0000014890BC6600][0000014891D6D4C0 49] iPhoneSE, [0000014890BBA800][000001488670F640 49] iPhone8, [0000014890BC5A00][00000148867137C0 49] iPhone8Plus, [0000014890BB9900][0000014886787940 49] iPhoneX, [0000014890BC4100][000001488678BAC0 49] iPhoneXS, [0000014890BBBB00][000001488678E0C0 49] iPhoneXSMax, [0000014890BC7100][0000014886792240 49] iPhoneXR, [0000014890BB9D00][00000148867963C0 49] iPhone11, [0000014890BC4E00][0000014888428540 49] iPhone11Pro, [0000014890BBBC00][00000148875346C0 49] iPhone11ProMax, [0000014890BC7200][000001488790E800 49] iPhoneSE2, [0000014890BB8600][0000014887892940 49] iPhone12Mini, [0000014890BC6300][000001488789AA80 49] iPhone12, [0000014890BB9C00][0000014893166BC0 49] iPhone12Pro, [0000014890BC4200][000001488789ED40 49] iPhone12ProMax, [0000014890BB8F00][00000148878A2EC0 49] iPadPro105, [0000014890BC6500][00000148878A7040 49] iPadPro129, [0000014890BBA500][00000148878BB1C0 49] iPadPro97, [0000014890BC5400][0000014891ABB340 49] iPadPro2_129, [0000014890BBA200][0000014891BD94C0 49] iPad5, [0000014890BC5C00][0000014891BE7640 49] iPad6, [0000014890BB9B00][0000014891BEB7C0 49] iPad7, [0000014890BC7D00][0000014891BEF940 49] iPad8, [0000014890BB9E00][0000014891BF3AC0 49] iPadPro11, [0000014890BC6B00][0000014891BF60C0 49] iPadPro2_11, [0000014890BBAD00][0000014891BFA240 49] iPadPro3_129, [0000014890BC5300][0000014891BFE3C0 49] iPadPro4_129, [0000014890BBA300][0000014891C02540 49] AppleTV, [0000014890BC5700][0000014891C066C0 49] AppleTV4K, [0000014890BB9200][0000014886716840 49] TVOS, [0000014890BC6100][000001489317C980 49] Mac, [0000014890BB8A00][0000014886762AC0 49] MacClient, [0000014890BC4900][000001488782CC00 49] MacNoEditor, [0000014890BB8700][0000014887830D40 49] MacServer, [0000014890BC7600][0000014887838EC0 49] Linux, [0000014890BBAF00][000001488783D040 49] LinuxAArch64, [0000014890BC7E00][000001488787F1C0 49] LinuxNoEditor, [0000014890BB9500][0000014887883340 49] LinuxAArch64NoEditor, [0000014890BC7F00][00000148878874C0 49] LinuxClient, [0000014890BBB700][000001488788F640 49] LinuxAArch64Client, [0000014890BC4B00][00000148867677C0 49] LinuxServer, [0000014890BB9300][000001488676B940 49] LinuxAArch64Server, [0000014890BC6700][000001488676FAC0 49] Android, [0000014890DF7400][00000148867720C0 49] Android_Low, [0000014890E64800][0000014886776240 49] Android_Mid, [0000014890DF6D00][00000148878403C0 49] Android_High, [0000014890E64A00][000001488788A540 49] Android_Default, [0000014890DF4A00][0000014891D2A6C0 49] Android_Adreno4xx, [0000014890E64600][0000014891D2E840 49] Android_Adreno5xx_Low, [0000014890DF6B00][00000148919709C0 49] Android_Adreno5xx, [0000014890E64F00][0000014891974B40 49] Android_Adreno6xx, [0000014890DF5000][0000014887834C80 49] Android_Adreno6xx_Vulkan, [0000014890E66000][0000014893178DC0 49] Android_Mali_T6xx, [0000014890DF5D00][000001488792EF00 49] Android_Mali_T7xx, [0000014890E66200][0000014891D33080 49] Android_Mali_T8xx, [0000014890DF7B00][0000014891D37200 49] Android_Mali_G71, [0000014890E65100][0000014891D3B380 49] Android_Mali_G72, [0000014890DF5600][0000014891D3F500 49] Android_Mali_G72_Vulkan, [0000014890E65800][0000014891D43680 49] Android_Mali_G76, [0000014890DF4600][0000014891D47800 49] Android_Mali_G76_Vulkan, [0000014890E66600][0000014891D4B980 49] Android_Mali_G77, [0000014890DF6100][0000014891D4FB00 49] Android_Mali_G77_Vulkan, [0000014890E65200][0000014891D52100 49] Android_Mali_G78, [0000014890DF4900][0000014891D56280 49] Android_Mali_G78_Vulkan, [0000014890E66100][0000014891C0A400 49] Android_Mali_G710, [0000014890DF7300][0000014891C0E580 49] Android_Mali_G710_Vulkan, [0000014890E65F00][0000014891C12700 49] Android_Vulkan_SM5, [0000014890DF7700][0000014891C16880 49] Android_PowerVR_G6xxx, [0000014890E65C00][0000014891C1AA00 49] Android_PowerVR_GT7xxx, [0000014890DF6500][0000014891C1EB80 49] Android_PowerVR_GE8xxx, [0000014890E65900][0000014891C22D00 49] Android_PowerVR_GM9xxx, [0000014890BC6E00][0000014887896E40 49] Android_PowerVR_GM9xxx_Vulkan, [0000014890E66300][0000014891C26F80 49] Android_TegraK1, [0000014890BC5F00][0000014891C2B0C0 49] Android_Unknown_Vulkan, [0000014890E64B00][0000014891C33240 49] Lumin, [0000014890BC7700][0000014891C373C0 49] Lumin_Desktop, [0000014890E64100][0000014891C3B540 49] HoloLens, 
[2024.06.10-12.39.33:961][  0]LogMeshReduction: Using QuadricMeshReduction for automatic static mesh reduction
[2024.06.10-12.39.33:961][  0]LogMeshReduction: Using SimplygonMeshReduction for automatic skeletal mesh reduction
[2024.06.10-12.39.33:961][  0]LogMeshReduction: Using ProxyLODMeshReduction for automatic mesh merging
[2024.06.10-12.39.33:961][  0]LogMeshReduction: No distributed automatic mesh merging module available
[2024.06.10-12.39.33:961][  0]LogMeshMerging: No distributed automatic mesh merging module available
[2024.06.10-12.39.33:975][  0]LogNetVersion: NatureReserve 1.0.0, NetCL: 17155196, EngineNetVer: 17, GameNetVer: 0 (Checksum: 1852848032)
[2024.06.10-12.39.34:269][  0]LogTexture: Default maximum texture size for cubemaps generated from long-lat sources has been changed from 512 to unlimited. In order to preserve old behaiour for '/Engine/MapTemplates/Sky/DaylightAmbientCubemap.DaylightAmbientCubemap', its maximum texture size has been explicitly set to 512.
[2024.06.10-12.39.34:309][  0]LogHMD: PokeAHoleMaterial loaded successfully
[2024.06.10-12.39.34:314][  0]LogUObjectArray: 17178 objects as part of root set at end of initial load.
[2024.06.10-12.39.34:314][  0]LogUObjectAllocator: 4302048 out of 0 bytes used by permanent object pool.
[2024.06.10-12.39.34:314][  0]LogUObjectArray: CloseDisregardForGC: 0/0 objects in disregard for GC pool
[2024.06.10-12.39.34:500][  0]LogNiagaraDebuggerClient: Niagara Debugger Client Initialized | Session: 9382BB4A4698718D85ACE2BEF8BCC4EB | Instance: DF6DC1A5438A8BE3339235B98BD1B673 (DESKTOP-1LRC8FL-3332).
[2024.06.10-12.39.34:526][  0]LogPython: Using Python 3.7.7
[2024.06.10-12.39.34:929][  0]LogTcpMessaging: Initializing TcpMessaging bridge
[2024.06.10-12.39.34:933][  0]LogUdpMessaging: Initializing bridge on interface 0.0.0.0:0 to multicast group 230.0.0.1:6666.
[2024.06.10-12.39.35:192][  0]SourceControl: Source control is disabled
[2024.06.10-12.39.35:192][  0]SourceControl: Source control is disabled
[2024.06.10-12.39.35:194][  0]SourceControl: Source control is disabled
[2024.06.10-12.39.35:196][  0]SourceControl: Source control is disabled
[2024.06.10-12.39.35:201][  0]SourceControl: Source control is disabled
[2024.06.10-12.39.35:206][  0]LogUProjectInfo: Found projects:
[2024.06.10-12.39.35:308][  0]LogOpenImageDenoise: OIDN starting up
[2024.06.10-12.39.35:341][  0]LogAndroidPermission: UAndroidPermissionCallbackProxy::GetInstance
[2024.06.10-12.39.35:357][  0]LogAudioCaptureCore: Display: No Audio Capture implementations found. Audio input will be silent.
[2024.06.10-12.39.35:357][  0]LogAudioCaptureCore: Display: No Audio Capture implementations found. Audio input will be silent.
[2024.06.10-12.39.35:456][  0]LogCollectionManager: Loaded 0 collections in 0.001093 seconds
[2024.06.10-12.39.35:475][  0]LogFileCache: Scanning file cache for directory 'D:/Games/NatureReserve/NatureReserve/Saved/Collections/' took 0.00s
[2024.06.10-12.39.35:475][  0]LogFileCache: Scanning file cache for directory 'D:/Games/NatureReserve/NatureReserve/Content/Developers/keyho/Collections/' took 0.00s
[2024.06.10-12.39.35:475][  0]LogFileCache: Scanning file cache for directory 'D:/Games/NatureReserve/NatureReserve/Content/Collections/' took 0.00s
[2024.06.10-12.39.35:475][  0]LogOcInput: OculusInput pre-init called
[2024.06.10-12.39.35:679][  0]LogEngine: Initializing Engine...
[2024.06.10-12.39.35:731][  0]LogHMD: Failed to initialize OpenVR with code 215
[2024.06.10-12.39.35:746][  0]LogHMD: Optional extension XR_VARJO_quad_views is not available
[2024.06.10-12.39.35:746][  0]LogHMD: Warning: Required extension XR_EXT_eye_gaze_interaction is not available
[2024.06.10-12.39.35:746][  0]LogHMD: Could not enable all required OpenXR extensions for OpenXREyeTracker on current system. This plugin will be loaded but ignored, but will be enabled on a target platform that supports the required extension.
[2024.06.10-12.39.35:771][  0]LogHMD: Failed to create an OpenXR instance, result is XR_ERROR_RUNTIME_FAILURE. Please check if you have an OpenXR runtime installed. The following extensions were enabled:
[2024.06.10-12.39.35:771][  0]LogHMD: - XR_KHR_D3D11_enable
[2024.06.10-12.39.35:771][  0]LogHMD: - XR_KHR_D3D12_enable
[2024.06.10-12.39.35:771][  0]LogHMD: - XR_KHR_opengl_enable
[2024.06.10-12.39.35:771][  0]LogHMD: - XR_KHR_vulkan_enable
[2024.06.10-12.39.35:771][  0]LogHMD: - XR_KHR_composition_layer_depth
[2024.06.10-12.39.35:771][  0]LogHMD: - XR_KHR_visibility_mask
[2024.06.10-12.39.35:771][  0]LogHMD: - XR_EXT_hand_tracking
[2024.06.10-12.39.35:771][  0]LogMagicLeap: Warning: VR disabled because ZI is not enabled.  To enable, in the editor, Edit -> Project Settings -> Plugins -> Magic Leap Plugin -> Enable Zero Iteration
[2024.06.10-12.39.35:772][  0]LogStats: UGameplayTagsManager::InitializeManager -  0.000 s
[2024.06.10-12.39.35:870][  0]LogInit: Initializing FReadOnlyCVARCache
[2024.06.10-12.39.35:875][  0]LogAIModule: Creating AISystem for world Untitled
[2024.06.10-12.39.35:875][  0]LogAudio: Display: Initializing Audio Device Manager...
[2024.06.10-12.39.35:877][  0]LogAudio: Display: Loading Default Audio Settings Objects...
[2024.06.10-12.39.35:878][  0]LogAudio: Display: No default SoundConcurrencyObject specified (or failed to load).
[2024.06.10-12.39.35:878][  0]LogAudio: Display: Audio Device Manager Initialized
[2024.06.10-12.39.35:878][  0]LogAudio: Display: Creating Audio Device:                 Id: 1, Scope: Shared, Realtime: True
[2024.06.10-12.39.35:878][  0]LogAudioMixer: Display: Audio Mixer Platform Settings:
[2024.06.10-12.39.35:878][  0]LogAudioMixer: Display: 	Sample Rate:						  48000
[2024.06.10-12.39.35:878][  0]LogAudioMixer: Display: 	Callback Buffer Frame Size Requested: 1024
[2024.06.10-12.39.35:878][  0]LogAudioMixer: Display: 	Callback Buffer Frame Size To Use:	  1024
[2024.06.10-12.39.35:878][  0]LogAudioMixer: Display: 	Number of buffers to queue:			  2
[2024.06.10-12.39.35:878][  0]LogAudioMixer: Display: 	Max Channels (voices):				  32
[2024.06.10-12.39.35:878][  0]LogAudioMixer: Display: 	Number of Async Source Workers:		  0
[2024.06.10-12.39.35:878][  0]LogAudio: Display: AudioDevice MaxSources: 32
[2024.06.10-12.39.35:878][  0]LogAudio: Display: Audio Spatialization Plugin: None (built-in).
[2024.06.10-12.39.35:878][  0]LogAudio: Display: Audio Reverb Plugin: None (built-in).
[2024.06.10-12.39.35:878][  0]LogAudio: Display: Audio Occlusion Plugin: None (built-in).
[2024.06.10-12.39.35:879][  0]LogAudioMixer: Display: Initializing audio mixer.
[2024.06.10-12.39.35:887][  0]LogAudioMixer: Display: 0: FrontLeft
[2024.06.10-12.39.35:887][  0]LogAudioMixer: Display: 1: FrontRight
[2024.06.10-12.39.35:901][  0]LogAudioMixer: Display: Using Audio Device  32_LCD_TV (NVIDIA High Definition Audio)
[2024.06.10-12.39.35:905][  0]LogAudioMixer: Display: Initializing Sound Submixes...
[2024.06.10-12.39.35:907][  0]LogAudioMixer: Display: Creating Master Submix 'MasterSubmixDefault'
[2024.06.10-12.39.35:907][  0]LogAudioMixer: Display: Creating Master Submix 'MasterReverbSubmixDefault'
[2024.06.10-12.39.35:907][  0]LogAudioMixer: Display: Creating Master Submix 'MasterEQSubmixDefault'
[2024.06.10-12.39.35:907][  0]LogAudioMixer: FMixerPlatformXAudio2::StartAudioStream() called
[2024.06.10-12.39.35:907][  0]LogAudioMixer: Display: Output buffers initialized: Frames=1024, Channels=2, Samples=2048
[2024.06.10-12.39.35:908][  0]LogAudioMixer: Display: Starting AudioMixerPlatformInterface::RunInternal()
[2024.06.10-12.39.35:908][  0]LogAudioMixer: Display: FMixerPlatformXAudio2::SubmitBuffer() called for the first time
[2024.06.10-12.39.35:908][  0]LogInit: FAudioDevice initialized.
[2024.06.10-12.39.35:908][  0]LogAudio: Display: Audio Device (ID: 1) registered with world 'Untitled'.
[2024.06.10-12.39.35:908][  0]LogNetVersion: Set ProjectVersion to 1.0.0.0. Version Checksum will be recalculated on next use.
[2024.06.10-12.39.35:951][  0]LogDerivedDataCache: Saved boot cache 0.04s 94MB C:/Users/keyho/AppData/Local/UnrealEngine/4.27/DerivedDataCache/Boot.ddc.
[2024.06.10-12.39.35:953][  0]LogInit: Texture streaming: Enabled
[2024.06.10-12.39.35:961][  0]LogAnalytics: Display: [UEEditor.Rocket.Release] APIServer = https://datarouter.ol.epicgames.com/. AppVersion = 4.27.2-18319896+++UE4+Release-4.27
[2024.06.10-12.39.35:964][  0]LogEngineSessionManager: EngineSessionManager initialized
[2024.06.10-12.39.35:964][  0]LogEditorSessionSummary: Verbose: Initializing EditorSessionSummaryWriter for editor session tracking
[2024.06.10-12.39.35:965][  0]LogEditorSessionSummary: EditorSessionSummaryWriter initialized
[2024.06.10-12.39.35:981][  0]LogInit: Transaction tracking system initialized
[2024.06.10-12.39.35:996][  0]BlueprintLog: New page: Editor Load
[2024.06.10-12.39.36:037][  0]LocalizationService: Localization service is disabled
[2024.06.10-12.39.36:053][  0]TimingProfiler: Initialize
[2024.06.10-12.39.36:053][  0]TimingProfiler: OnSessionChanged
[2024.06.10-12.39.36:053][  0]LoadingProfiler: Initialize
[2024.06.10-12.39.36:053][  0]LoadingProfiler: OnSessionChanged
[2024.06.10-12.39.36:053][  0]NetworkingProfiler: Initialize
[2024.06.10-12.39.36:053][  0]NetworkingProfiler: OnSessionChanged
[2024.06.10-12.39.36:053][  0]MemoryProfiler: Initialize
[2024.06.10-12.39.36:053][  0]MemoryProfiler: OnSessionChanged
[2024.06.10-12.39.36:159][  0]LogCook: Display: CookSettings for Memory: MemoryMaxUsedVirtual 0MiB, MemoryMaxUsedPhysical 16384MiB, MemoryMinFreeVirtual 0MiB, MemoryMinFreePhysical 1024MiB
[2024.06.10-12.39.36:159][  0]LogCook: Display: Mobile HDR setting 1
[2024.06.10-12.39.36:290][  0]LogFileCache: Scanning file cache for directory 'D:/Games/NatureReserve/NatureReserve/Content/' took 0.00s
[2024.06.10-12.39.36:442][  0]LogInit: Display: Engine is initialized. Leaving FEngineLoop::Init()
[2024.06.10-12.39.36:445][  0]SourceControl: Source control is disabled
[2024.06.10-12.39.36:445][  0]LogUnrealEdMisc: Loading editor; pre map load, took 5.277
[2024.06.10-12.39.36:445][  0]Cmd: MAP LOAD FILE="D:/Games/NatureReserve/NatureReserve/Content/ThirdPersonBP/Maps/ThirdPersonExampleMap.umap" TEMPLATE=0 SHOWPROGRESS=1 FEATURELEVEL=3
[2024.06.10-12.39.36:445][  0]LightingResults: New page: Lighting Build
[2024.06.10-12.39.36:446][  0]LogWorld: UWorld::CleanupWorld for Untitled, bSessionEnded=true, bCleanupResources=true
[2024.06.10-12.39.36:446][  0]LogSlate: InvalidateAllWidgets triggered.  All widgets were invalidated
[2024.06.10-12.39.36:446][  0]MapCheck: New page: Map Check
[2024.06.10-12.39.36:446][  0]LightingResults: New page: Lighting Build
[2024.06.10-12.39.36:452][  0]LogAudio: Display: Audio Device unregistered from world 'None'.
[2024.06.10-12.39.36:454][  0]LogUObjectHash: Compacting FUObjectHashTables data took   0.58ms
[2024.06.10-12.39.36:639][  0]LogAudio: Display: Audio Device (ID: 1) registered with world 'ThirdPersonExampleMap'.
[2024.06.10-12.39.36:640][  0]LogAIModule: Creating AISystem for world ThirdPersonExampleMap
[2024.06.10-12.39.36:644][  0]LogEditorServer: Finished looking for orphan Actors (0.000 secs)
[2024.06.10-12.39.36:652][  0]LogUObjectHash: Compacting FUObjectHashTables data took   0.67ms
[2024.06.10-12.39.36:652][  0]Cmd: MAP CHECKDEP NOCLEARLOG
[2024.06.10-12.39.36:652][  0]MapCheck: Map check complete: 0 Error(s), 0 Warning(s), took 0.073ms to complete.
[2024.06.10-12.39.36:652][  0]LogFileHelpers: Loading map 'ThirdPersonExampleMap' took 0.208
[2024.06.10-12.39.36:654][  0]LogUnrealEdMisc: Total Editor Startup Time, took 5.486
[2024.06.10-12.39.36:750][  0]LogSlate: Updating window title bar state: overlay mode, drag disabled, window buttons hidden, title bar hidden
[2024.06.10-12.39.36:755][  0]LogSlate: Updating window title bar state: overlay mode, drag disabled, window buttons hidden, title bar hidden
[2024.06.10-12.39.36:759][  0]LogSlate: Updating window title bar state: overlay mode, drag disabled, window buttons hidden, title bar hidden
[2024.06.10-12.39.36:764][  0]LogSlate: Updating window title bar state: overlay mode, drag disabled, window buttons hidden, title bar hidden
[2024.06.10-12.39.36:774][  0]LogNativeClassHierarchy: Verbose: Native class hierarchy populated in 0.0069 seconds. Added 3822 classes and 928 folders.
[2024.06.10-12.39.36:775][  0]LogNativeClassHierarchy: Verbose: Native class hierarchy updated for 'WidgetCarousel' in 0.0002 seconds. Added 0 classes and 0 folders.
[2024.06.10-12.39.36:776][  0]LogPakFile: PakFile PrimaryIndexSize=187
[2024.06.10-12.39.36:776][  0]LogPakFile: PakFile PathHashIndexSize=101
[2024.06.10-12.39.36:776][  0]LogPakFile: PakFile FullDirectoryIndexSize=148
[2024.06.10-12.39.36:776][  0]LogShaderLibrary: Display: ShaderCodeLibraryPakFileMountedCallback: PakFile 'C:/Program Files/Epic Games/UE_4.27/FeaturePacks/FP_FirstPerson.upack' (chunk index -1, root 'root:/') mounted
[2024.06.10-12.39.36:776][  0]LogShaderLibrary: Display: ShaderCodeLibraryPakFileMountedCallback: pending pak file info (ChunkID:-1 Root:root:/ File:C:/Program Files/Epic Games/UE_4.27/FeaturePacks/FP_FirstPerson.upack)
[2024.06.10-12.39.36:776][  0]LogPakFile: OnPakFileMounted2Time == 0.000039
[2024.06.10-12.39.36:777][  0]LogPakFile: PakFile PrimaryIndexSize=189
[2024.06.10-12.39.36:777][  0]LogPakFile: PakFile PathHashIndexSize=101
[2024.06.10-12.39.36:777][  0]LogPakFile: PakFile FullDirectoryIndexSize=152
[2024.06.10-12.39.36:777][  0]LogShaderLibrary: Display: ShaderCodeLibraryPakFileMountedCallback: PakFile 'C:/Program Files/Epic Games/UE_4.27/FeaturePacks/FP_FirstPersonBP.upack' (chunk index -1, root 'root:/') mounted
[2024.06.10-12.39.36:777][  0]LogShaderLibrary: Display: ShaderCodeLibraryPakFileMountedCallback: pending pak file info (ChunkID:-1 Root:root:/ File:C:/Program Files/Epic Games/UE_4.27/FeaturePacks/FP_FirstPersonBP.upack)
[2024.06.10-12.39.36:777][  0]LogPakFile: OnPakFileMounted2Time == 0.000029
[2024.06.10-12.39.36:777][  0]LogPakFile: PakFile PrimaryIndexSize=191
[2024.06.10-12.39.36:777][  0]LogPakFile: PakFile PathHashIndexSize=101
[2024.06.10-12.39.36:777][  0]LogPakFile: PakFile FullDirectoryIndexSize=160
[2024.06.10-12.39.36:777][  0]LogShaderLibrary: Display: ShaderCodeLibraryPakFileMountedCallback: PakFile 'C:/Program Files/Epic Games/UE_4.27/FeaturePacks/MobileStarterContent.upack' (chunk index -1, root 'root:/') mounted
[2024.06.10-12.39.36:777][  0]LogShaderLibrary: Display: ShaderCodeLibraryPakFileMountedCallback: pending pak file info (ChunkID:-1 Root:root:/ File:C:/Program Files/Epic Games/UE_4.27/FeaturePacks/MobileStarterContent.upack)
[2024.06.10-12.39.36:777][  0]LogPakFile: OnPakFileMounted2Time == 0.000025
[2024.06.10-12.39.36:778][  0]LogPakFile: PakFile PrimaryIndexSize=185
[2024.06.10-12.39.36:778][  0]LogPakFile: PakFile PathHashIndexSize=101
[2024.06.10-12.39.36:778][  0]LogPakFile: PakFile FullDirectoryIndexSize=148
[2024.06.10-12.39.36:778][  0]LogShaderLibrary: Display: ShaderCodeLibraryPakFileMountedCallback: PakFile 'C:/Program Files/Epic Games/UE_4.27/FeaturePacks/StarterContent.upack' (chunk index -1, root 'root:/') mounted
[2024.06.10-12.39.36:778][  0]LogShaderLibrary: Display: ShaderCodeLibraryPakFileMountedCallback: pending pak file info (ChunkID:-1 Root:root:/ File:C:/Program Files/Epic Games/UE_4.27/FeaturePacks/StarterContent.upack)
[2024.06.10-12.39.36:778][  0]LogPakFile: OnPakFileMounted2Time == 0.000026
[2024.06.10-12.39.36:778][  0]LogPakFile: PakFile PrimaryIndexSize=190
[2024.06.10-12.39.36:778][  0]LogPakFile: PakFile PathHashIndexSize=101
[2024.06.10-12.39.36:778][  0]LogPakFile: PakFile FullDirectoryIndexSize=154
[2024.06.10-12.39.36:778][  0]LogShaderLibrary: Display: ShaderCodeLibraryPakFileMountedCallback: PakFile 'C:/Program Files/Epic Games/UE_4.27/FeaturePacks/TP_2DSideScroller.upack' (chunk index -1, root 'root:/') mounted
[2024.06.10-12.39.36:778][  0]LogShaderLibrary: Display: ShaderCodeLibraryPakFileMountedCallback: pending pak file info (ChunkID:-1 Root:root:/ File:C:/Program Files/Epic Games/UE_4.27/FeaturePacks/TP_2DSideScroller.upack)
[2024.06.10-12.39.36:778][  0]LogPakFile: OnPakFileMounted2Time == 0.000025
[2024.06.10-12.39.36:779][  0]LogPakFile: PakFile PrimaryIndexSize=192
[2024.06.10-12.39.36:779][  0]LogPakFile: PakFile PathHashIndexSize=101
[2024.06.10-12.39.36:779][  0]LogPakFile: PakFile FullDirectoryIndexSize=158
[2024.06.10-12.39.36:779][  0]LogShaderLibrary: Display: ShaderCodeLibraryPakFileMountedCallback: PakFile 'C:/Program Files/Epic Games/UE_4.27/FeaturePacks/TP_2DSideScrollerBP.upack' (chunk index -1, root 'root:/') mounted
[2024.06.10-12.39.36:779][  0]LogShaderLibrary: Display: ShaderCodeLibraryPakFileMountedCallback: pending pak file info (ChunkID:-1 Root:root:/ File:C:/Program Files/Epic Games/UE_4.27/FeaturePacks/TP_2DSideScrollerBP.upack)
[2024.06.10-12.39.36:779][  0]LogPakFile: OnPakFileMounted2Time == 0.000026
[2024.06.10-12.39.36:779][  0]LogPakFile: PakFile PrimaryIndexSize=182
[2024.06.10-12.39.36:779][  0]LogPakFile: PakFile PathHashIndexSize=101
[2024.06.10-12.39.36:779][  0]LogPakFile: PakFile FullDirectoryIndexSize=138
[2024.06.10-12.39.36:779][  0]LogShaderLibrary: Display: ShaderCodeLibraryPakFileMountedCallback: PakFile 'C:/Program Files/Epic Games/UE_4.27/FeaturePacks/TP_Flying.upack' (chunk index -1, root 'root:/') mounted
[2024.06.10-12.39.36:779][  0]LogShaderLibrary: Display: ShaderCodeLibraryPakFileMountedCallback: pending pak file info (ChunkID:-1 Root:root:/ File:C:/Program Files/Epic Games/UE_4.27/FeaturePacks/TP_Flying.upack)
[2024.06.10-12.39.36:779][  0]LogPakFile: OnPakFileMounted2Time == 0.000025
[2024.06.10-12.39.36:780][  0]LogPakFile: PakFile PrimaryIndexSize=184
[2024.06.10-12.39.36:780][  0]LogPakFile: PakFile PathHashIndexSize=101
[2024.06.10-12.39.36:780][  0]LogPakFile: PakFile FullDirectoryIndexSize=142
[2024.06.10-12.39.36:780][  0]LogShaderLibrary: Display: ShaderCodeLibraryPakFileMountedCallback: PakFile 'C:/Program Files/Epic Games/UE_4.27/FeaturePacks/TP_FlyingBP.upack' (chunk index -1, root 'root:/') mounted
[2024.06.10-12.39.36:780][  0]LogShaderLibrary: Display: ShaderCodeLibraryPakFileMountedCallback: pending pak file info (ChunkID:-1 Root:root:/ File:C:/Program Files/Epic Games/UE_4.27/FeaturePacks/TP_FlyingBP.upack)
[2024.06.10-12.39.36:780][  0]LogPakFile: OnPakFileMounted2Time == 0.000025
[2024.06.10-12.39.36:780][  0]LogPakFile: PakFile PrimaryIndexSize=188
[2024.06.10-12.39.36:780][  0]LogPakFile: PakFile PathHashIndexSize=101
[2024.06.10-12.39.36:780][  0]LogPakFile: PakFile FullDirectoryIndexSize=150
[2024.06.10-12.39.36:780][  0]LogShaderLibrary: Display: ShaderCodeLibraryPakFileMountedCallback: PakFile 'C:/Program Files/Epic Games/UE_4.27/FeaturePacks/TP_HandheldARBP.upack' (chunk index -1, root 'root:/') mounted
[2024.06.10-12.39.36:780][  0]LogShaderLibrary: Display: ShaderCodeLibraryPakFileMountedCallback: pending pak file info (ChunkID:-1 Root:root:/ File:C:/Program Files/Epic Games/UE_4.27/FeaturePacks/TP_HandheldARBP.upack)
[2024.06.10-12.39.36:780][  0]LogPakFile: OnPakFileMounted2Time == 0.000025
[2024.06.10-12.39.36:781][  0]LogPakFile: PakFile PrimaryIndexSize=182
[2024.06.10-12.39.36:781][  0]LogPakFile: PakFile PathHashIndexSize=101
[2024.06.10-12.39.36:781][  0]LogPakFile: PakFile FullDirectoryIndexSize=138
[2024.06.10-12.39.36:781][  0]LogShaderLibrary: Display: ShaderCodeLibraryPakFileMountedCallback: PakFile 'C:/Program Files/Epic Games/UE_4.27/FeaturePacks/TP_Puzzle.upack' (chunk index -1, root 'root:/') mounted
[2024.06.10-12.39.36:781][  0]LogShaderLibrary: Display: ShaderCodeLibraryPakFileMountedCallback: pending pak file info (ChunkID:-1 Root:root:/ File:C:/Program Files/Epic Games/UE_4.27/FeaturePacks/TP_Puzzle.upack)
[2024.06.10-12.39.36:781][  0]LogPakFile: OnPakFileMounted2Time == 0.000025
[2024.06.10-12.39.36:781][  0]LogPakFile: PakFile PrimaryIndexSize=184
[2024.06.10-12.39.36:781][  0]LogPakFile: PakFile PathHashIndexSize=101
[2024.06.10-12.39.36:781][  0]LogPakFile: PakFile FullDirectoryIndexSize=142
[2024.06.10-12.39.36:781][  0]LogShaderLibrary: Display: ShaderCodeLibraryPakFileMountedCallback: PakFile 'C:/Program Files/Epic Games/UE_4.27/FeaturePacks/TP_PuzzleBP.upack' (chunk index -1, root 'root:/') mounted
[2024.06.10-12.39.36:781][  0]LogShaderLibrary: Display: ShaderCodeLibraryPakFileMountedCallback: pending pak file info (ChunkID:-1 Root:root:/ File:C:/Program Files/Epic Games/UE_4.27/FeaturePacks/TP_PuzzleBP.upack)
[2024.06.10-12.39.36:781][  0]LogPakFile: OnPakFileMounted2Time == 0.000025
[2024.06.10-12.39.36:782][  0]LogPakFile: PakFile PrimaryIndexSize=183
[2024.06.10-12.39.36:782][  0]LogPakFile: PakFile PathHashIndexSize=101
[2024.06.10-12.39.36:782][  0]LogPakFile: PakFile FullDirectoryIndexSize=140
[2024.06.10-12.39.36:782][  0]LogShaderLibrary: Display: ShaderCodeLibraryPakFileMountedCallback: PakFile 'C:/Program Files/Epic Games/UE_4.27/FeaturePacks/TP_Rolling.upack' (chunk index -1, root 'root:/') mounted
[2024.06.10-12.39.36:782][  0]LogShaderLibrary: Display: ShaderCodeLibraryPakFileMountedCallback: pending pak file info (ChunkID:-1 Root:root:/ File:C:/Program Files/Epic Games/UE_4.27/FeaturePacks/TP_Rolling.upack)
[2024.06.10-12.39.36:782][  0]LogPakFile: OnPakFileMounted2Time == 0.000025
[2024.06.10-12.39.36:782][  0]LogPakFile: PakFile PrimaryIndexSize=185
[2024.06.10-12.39.36:782][  0]LogPakFile: PakFile PathHashIndexSize=101
[2024.06.10-12.39.36:782][  0]LogPakFile: PakFile FullDirectoryIndexSize=144
[2024.06.10-12.39.36:782][  0]LogShaderLibrary: Display: ShaderCodeLibraryPakFileMountedCallback: PakFile 'C:/Program Files/Epic Games/UE_4.27/FeaturePacks/TP_RollingBP.upack' (chunk index -1, root 'root:/') mounted
[2024.06.10-12.39.36:782][  0]LogShaderLibrary: Display: ShaderCodeLibraryPakFileMountedCallback: pending pak file info (ChunkID:-1 Root:root:/ File:C:/Program Files/Epic Games/UE_4.27/FeaturePacks/TP_RollingBP.upack)
[2024.06.10-12.39.36:782][  0]LogPakFile: OnPakFileMounted2Time == 0.000025
[2024.06.10-12.39.36:783][  0]LogPakFile: PakFile PrimaryIndexSize=188
[2024.06.10-12.39.36:783][  0]LogPakFile: PakFile PathHashIndexSize=101
[2024.06.10-12.39.36:783][  0]LogPakFile: PakFile FullDirectoryIndexSize=150
[2024.06.10-12.39.36:783][  0]LogShaderLibrary: Display: ShaderCodeLibraryPakFileMountedCallback: PakFile 'C:/Program Files/Epic Games/UE_4.27/FeaturePacks/TP_SideScroller.upack' (chunk index -1, root 'root:/') mounted
[2024.06.10-12.39.36:783][  0]LogShaderLibrary: Display: ShaderCodeLibraryPakFileMountedCallback: pending pak file info (ChunkID:-1 Root:root:/ File:C:/Program Files/Epic Games/UE_4.27/FeaturePacks/TP_SideScroller.upack)
[2024.06.10-12.39.36:783][  0]LogPakFile: OnPakFileMounted2Time == 0.000027
[2024.06.10-12.39.36:783][  0]LogPakFile: PakFile PrimaryIndexSize=190
[2024.06.10-12.39.36:783][  0]LogPakFile: PakFile PathHashIndexSize=101
[2024.06.10-12.39.36:783][  0]LogPakFile: PakFile FullDirectoryIndexSize=154
[2024.06.10-12.39.36:783][  0]LogShaderLibrary: Display: ShaderCodeLibraryPakFileMountedCallback: PakFile 'C:/Program Files/Epic Games/UE_4.27/FeaturePacks/TP_SideScrollerBP.upack' (chunk index -1, root 'root:/') mounted
[2024.06.10-12.39.36:783][  0]LogShaderLibrary: Display: ShaderCodeLibraryPakFileMountedCallback: pending pak file info (ChunkID:-1 Root:root:/ File:C:/Program Files/Epic Games/UE_4.27/FeaturePacks/TP_SideScrollerBP.upack)
[2024.06.10-12.39.36:783][  0]LogPakFile: OnPakFileMounted2Time == 0.000025
[2024.06.10-12.39.36:783][  0]LogPakFile: PakFile PrimaryIndexSize=187
[2024.06.10-12.39.36:784][  0]LogPakFile: PakFile PathHashIndexSize=101
[2024.06.10-12.39.36:784][  0]LogPakFile: PakFile FullDirectoryIndexSize=148
[2024.06.10-12.39.36:784][  0]LogShaderLibrary: Display: ShaderCodeLibraryPakFileMountedCallback: PakFile 'C:/Program Files/Epic Games/UE_4.27/FeaturePacks/TP_ThirdPerson.upack' (chunk index -1, root 'root:/') mounted
[2024.06.10-12.39.36:784][  0]LogShaderLibrary: Display: ShaderCodeLibraryPakFileMountedCallback: pending pak file info (ChunkID:-1 Root:root:/ File:C:/Program Files/Epic Games/UE_4.27/FeaturePacks/TP_ThirdPerson.upack)
[2024.06.10-12.39.36:784][  0]LogPakFile: OnPakFileMounted2Time == 0.000025
[2024.06.10-12.39.36:784][  0]LogPakFile: PakFile PrimaryIndexSize=189
[2024.06.10-12.39.36:784][  0]LogPakFile: PakFile PathHashIndexSize=101
[2024.06.10-12.39.36:784][  0]LogPakFile: PakFile FullDirectoryIndexSize=152
[2024.06.10-12.39.36:784][  0]LogShaderLibrary: Display: ShaderCodeLibraryPakFileMountedCallback: PakFile 'C:/Program Files/Epic Games/UE_4.27/FeaturePacks/TP_ThirdPersonBP.upack' (chunk index -1, root 'root:/') mounted
[2024.06.10-12.39.36:784][  0]LogShaderLibrary: Display: ShaderCodeLibraryPakFileMountedCallback: pending pak file info (ChunkID:-1 Root:root:/ File:C:/Program Files/Epic Games/UE_4.27/FeaturePacks/TP_ThirdPersonBP.upack)
[2024.06.10-12.39.36:784][  0]LogPakFile: OnPakFileMounted2Time == 0.000025
[2024.06.10-12.39.36:784][  0]LogPakFile: PakFile PrimaryIndexSize=183
[2024.06.10-12.39.36:784][  0]LogPakFile: PakFile PathHashIndexSize=101
[2024.06.10-12.39.36:784][  0]LogPakFile: PakFile FullDirectoryIndexSize=140
[2024.06.10-12.39.36:784][  0]LogShaderLibrary: Display: ShaderCodeLibraryPakFileMountedCallback: PakFile 'C:/Program Files/Epic Games/UE_4.27/FeaturePacks/TP_TopDown.upack' (chunk index -1, root 'root:/') mounted
[2024.06.10-12.39.36:784][  0]LogShaderLibrary: Display: ShaderCodeLibraryPakFileMountedCallback: pending pak file info (ChunkID:-1 Root:root:/ File:C:/Program Files/Epic Games/UE_4.27/FeaturePacks/TP_TopDown.upack)
[2024.06.10-12.39.36:784][  0]LogPakFile: OnPakFileMounted2Time == 0.000030
[2024.06.10-12.39.36:785][  0]LogPakFile: PakFile PrimaryIndexSize=185
[2024.06.10-12.39.36:785][  0]LogPakFile: PakFile PathHashIndexSize=101
[2024.06.10-12.39.36:785][  0]LogPakFile: PakFile FullDirectoryIndexSize=144
[2024.06.10-12.39.36:785][  0]LogShaderLibrary: Display: ShaderCodeLibraryPakFileMountedCallback: PakFile 'C:/Program Files/Epic Games/UE_4.27/FeaturePacks/TP_TopDownBP.upack' (chunk index -1, root 'root:/') mounted
[2024.06.10-12.39.36:785][  0]LogShaderLibrary: Display: ShaderCodeLibraryPakFileMountedCallback: pending pak file info (ChunkID:-1 Root:root:/ File:C:/Program Files/Epic Games/UE_4.27/FeaturePacks/TP_TopDownBP.upack)
[2024.06.10-12.39.36:785][  0]LogPakFile: OnPakFileMounted2Time == 0.000025
[2024.06.10-12.39.36:785][  0]LogPakFile: PakFile PrimaryIndexSize=185
[2024.06.10-12.39.36:785][  0]LogPakFile: PakFile PathHashIndexSize=101
[2024.06.10-12.39.36:785][  0]LogPakFile: PakFile FullDirectoryIndexSize=144
[2024.06.10-12.39.36:785][  0]LogShaderLibrary: Display: ShaderCodeLibraryPakFileMountedCallback: PakFile 'C:/Program Files/Epic Games/UE_4.27/FeaturePacks/TP_TwinStick.upack' (chunk index -1, root 'root:/') mounted
[2024.06.10-12.39.36:785][  0]LogShaderLibrary: Display: ShaderCodeLibraryPakFileMountedCallback: pending pak file info (ChunkID:-1 Root:root:/ File:C:/Program Files/Epic Games/UE_4.27/FeaturePacks/TP_TwinStick.upack)
[2024.06.10-12.39.36:785][  0]LogPakFile: OnPakFileMounted2Time == 0.000024
[2024.06.10-12.39.36:786][  0]LogPakFile: PakFile PrimaryIndexSize=187
[2024.06.10-12.39.36:786][  0]LogPakFile: PakFile PathHashIndexSize=101
[2024.06.10-12.39.36:786][  0]LogPakFile: PakFile FullDirectoryIndexSize=148
[2024.06.10-12.39.36:786][  0]LogShaderLibrary: Display: ShaderCodeLibraryPakFileMountedCallback: PakFile 'C:/Program Files/Epic Games/UE_4.27/FeaturePacks/TP_TwinStickBP.upack' (chunk index -1, root 'root:/') mounted
[2024.06.10-12.39.36:786][  0]LogShaderLibrary: Display: ShaderCodeLibraryPakFileMountedCallback: pending pak file info (ChunkID:-1 Root:root:/ File:C:/Program Files/Epic Games/UE_4.27/FeaturePacks/TP_TwinStickBP.upack)
[2024.06.10-12.39.36:786][  0]LogPakFile: OnPakFileMounted2Time == 0.000025
[2024.06.10-12.39.36:786][  0]LogPakFile: PakFile PrimaryIndexSize=183
[2024.06.10-12.39.36:786][  0]LogPakFile: PakFile PathHashIndexSize=101
[2024.06.10-12.39.36:786][  0]LogPakFile: PakFile FullDirectoryIndexSize=140
[2024.06.10-12.39.36:786][  0]LogShaderLibrary: Display: ShaderCodeLibraryPakFileMountedCallback: PakFile 'C:/Program Files/Epic Games/UE_4.27/FeaturePacks/TP_Vehicle.upack' (chunk index -1, root 'root:/') mounted
[2024.06.10-12.39.36:786][  0]LogShaderLibrary: Display: ShaderCodeLibraryPakFileMountedCallback: pending pak file info (ChunkID:-1 Root:root:/ File:C:/Program Files/Epic Games/UE_4.27/FeaturePacks/TP_Vehicle.upack)
[2024.06.10-12.39.36:786][  0]LogPakFile: OnPakFileMounted2Time == 0.000029
[2024.06.10-12.39.36:787][  0]LogPakFile: PakFile PrimaryIndexSize=186
[2024.06.10-12.39.36:787][  0]LogPakFile: PakFile PathHashIndexSize=101
[2024.06.10-12.39.36:787][  0]LogPakFile: PakFile FullDirectoryIndexSize=146
[2024.06.10-12.39.36:787][  0]LogShaderLibrary: Display: ShaderCodeLibraryPakFileMountedCallback: PakFile 'C:/Program Files/Epic Games/UE_4.27/FeaturePacks/TP_VehicleAdv.upack' (chunk index -1, root 'root:/') mounted
[2024.06.10-12.39.36:787][  0]LogShaderLibrary: Display: ShaderCodeLibraryPakFileMountedCallback: pending pak file info (ChunkID:-1 Root:root:/ File:C:/Program Files/Epic Games/UE_4.27/FeaturePacks/TP_VehicleAdv.upack)
[2024.06.10-12.39.36:787][  0]LogPakFile: OnPakFileMounted2Time == 0.000025
[2024.06.10-12.39.36:787][  0]LogPakFile: PakFile PrimaryIndexSize=188
[2024.06.10-12.39.36:787][  0]LogPakFile: PakFile PathHashIndexSize=101
[2024.06.10-12.39.36:787][  0]LogPakFile: PakFile FullDirectoryIndexSize=150
[2024.06.10-12.39.36:787][  0]LogShaderLibrary: Display: ShaderCodeLibraryPakFileMountedCallback: PakFile 'C:/Program Files/Epic Games/UE_4.27/FeaturePacks/TP_VehicleAdvBP.upack' (chunk index -1, root 'root:/') mounted
[2024.06.10-12.39.36:787][  0]LogShaderLibrary: Display: ShaderCodeLibraryPakFileMountedCallback: pending pak file info (ChunkID:-1 Root:root:/ File:C:/Program Files/Epic Games/UE_4.27/FeaturePacks/TP_VehicleAdvBP.upack)
[2024.06.10-12.39.36:787][  0]LogPakFile: OnPakFileMounted2Time == 0.000025
[2024.06.10-12.39.36:788][  0]LogPakFile: PakFile PrimaryIndexSize=185
[2024.06.10-12.39.36:788][  0]LogPakFile: PakFile PathHashIndexSize=101
[2024.06.10-12.39.36:788][  0]LogPakFile: PakFile FullDirectoryIndexSize=144
[2024.06.10-12.39.36:788][  0]LogShaderLibrary: Display: ShaderCodeLibraryPakFileMountedCallback: PakFile 'C:/Program Files/Epic Games/UE_4.27/FeaturePacks/TP_VehicleBP.upack' (chunk index -1, root 'root:/') mounted
[2024.06.10-12.39.36:788][  0]LogShaderLibrary: Display: ShaderCodeLibraryPakFileMountedCallback: pending pak file info (ChunkID:-1 Root:root:/ File:C:/Program Files/Epic Games/UE_4.27/FeaturePacks/TP_VehicleBP.upack)
[2024.06.10-12.39.36:788][  0]LogPakFile: OnPakFileMounted2Time == 0.000025
[2024.06.10-12.39.36:788][  0]LogPakFile: PakFile PrimaryIndexSize=192
[2024.06.10-12.39.36:788][  0]LogPakFile: PakFile PathHashIndexSize=101
[2024.06.10-12.39.36:788][  0]LogPakFile: PakFile FullDirectoryIndexSize=158
[2024.06.10-12.39.36:788][  0]LogShaderLibrary: Display: ShaderCodeLibraryPakFileMountedCallback: PakFile 'C:/Program Files/Epic Games/UE_4.27/FeaturePacks/TP_VirtualRealityBP.upack' (chunk index -1, root 'root:/') mounted
[2024.06.10-12.39.36:788][  0]LogShaderLibrary: Display: ShaderCodeLibraryPakFileMountedCallback: pending pak file info (ChunkID:-1 Root:root:/ File:C:/Program Files/Epic Games/UE_4.27/FeaturePacks/TP_VirtualRealityBP.upack)
[2024.06.10-12.39.36:788][  0]LogPakFile: OnPakFileMounted2Time == 0.000025
[2024.06.10-12.39.36:836][  0]LogNativeClassHierarchy: Verbose: Native class hierarchy updated for 'AddContentDialog' in 0.0002 seconds. Added 0 classes and 0 folders.
[2024.06.10-12.39.36:837][  0]LogNativeClassHierarchy: Verbose: Native class hierarchy updated for 'SceneOutliner' in 0.0002 seconds. Added 2 classes and 0 folders.
[2024.06.10-12.39.36:912][  0]LogSlate: Took 0.000192 seconds to synchronously load lazily loaded font '../../../Engine/Content/Slate/Fonts/Roboto-Regular.ttf' (155K)
[2024.06.10-12.39.36:913][  0]LogSlate: Took 0.000116 seconds to synchronously load lazily loaded font '../../../Engine/Content/Editor/Slate/Fonts/FontAwesome.ttf' (139K)
[2024.06.10-12.39.36:914][  0]LogSlate: Took 0.000112 seconds to synchronously load lazily loaded font '../../../Engine/Content/Slate/Fonts/Roboto-Bold.ttf' (160K)
[2024.06.10-12.39.36:985][  0]LogRenderer: Reallocating scene render targets to support 1084x552 Format 10 NumSamples 1 (Frame:1).
[2024.06.10-12.39.37:047][  0]LogNativeClassHierarchy: Verbose: Native class hierarchy updated for 'HierarchicalLODOutliner' in 0.0002 seconds. Added 0 classes and 0 folders.
[2024.06.10-12.39.37:047][  0]LogInput: Warning: Action Jump uses invalid key OculusGo_Left_Trigger_Click.
[2024.06.10-12.39.37:047][  0]LogInput: Warning: Action ResetVR uses invalid key OculusGo_Left_Trackpad_Click.
[2024.06.10-12.39.37:047][  0]LogInput: Warning: Use -RemoveInvalidKeys to remove instances of these keys from the action mapping.
[2024.06.10-12.39.37:047][  0]LogLoad: (Engine Initialization) Total time: 5.88 seconds
[2024.06.10-12.39.37:047][  0]LogLoad: (Engine Initialization) Total Blueprint compile time: 0.00 seconds
[2024.06.10-12.39.37:092][  0]LogAssetRegistry: Asset discovery search completed in 3.3980 seconds
[2024.06.10-12.39.37:096][  0]LogCollectionManager: Fixed up redirectors for 0 collections in 0.000002 seconds (updated 0 objects)
[2024.06.10-12.39.37:097][  0]LogContentStreaming: Texture pool size now 1000 MB
[2024.06.10-12.39.37:168][  5]LogSlate: Took 0.000207 seconds to synchronously load lazily loaded font '../../../Engine/Content/Slate/Fonts/Roboto-Light.ttf' (167K)
[2024.06.10-12.39.38:440][ 33]LogSlate: Took 0.000172 seconds to synchronously load lazily loaded font '../../../Engine/Content/Slate/Fonts/Roboto-Light.ttf' (167K)
[2024.06.10-12.40.17:331][  2]LogContentBrowser: Attempting asset rename: Floor -> MyStuff
[2024.06.10-12.40.17:333][  2]LogStaticMesh: Building static mesh Floor...
[2024.06.10-12.40.17:447][  2]LogStaticMesh: Built static mesh [0.11s] /Game/Floor/Floor.Floor
[2024.06.10-12.40.17:545][  2]Cmd: OBJ SAVEPACKAGE PACKAGE="/Game/MyStuff/Floor" FILE="D:/Games/NatureReserve/NatureReserve/Content/MyStuff/Floor.uasset" SILENT=true
[2024.06.10-12.40.17:572][  2]LogSavePackage: Moving 'D:/Games/NatureReserve/NatureReserve/Saved/FloorF270EBEB40B5D80274CDB5BBC36719A8.tmp' to 'D:/Games/NatureReserve/NatureReserve/Content/MyStuff/Floor.uasset'
[2024.06.10-12.40.17:643][  2]LogUObjectHash: Compacting FUObjectHashTables data took   0.48ms
[2024.06.10-12.40.17:654][  2]LogUObjectHash: Compacting FUObjectHashTables data took   0.40ms
[2024.06.10-12.40.17:659][  2]LogUObjectHash: Compacting FUObjectHashTables data took   0.19ms
[2024.06.10-12.40.17:678][  2]AssetCheck: New page: Asset Save: Floor
[2024.06.10-12.40.17:678][  2]LogContentValidation: Display: Validating StaticMesh /Game/MyStuff/Floor.Floor
